[Licensing::Module] Trying to connect to existing licensing client channel...
Built from '6000.5/staging' branch; Version is '6000.5.4f1 (d550df8bd089) revision 13979871'; Using compiler version '194234433'; Build Type 'Release'
OS: 'Windows 11  (10.0.26200) Core' Language: 'it' Physical Memory: 16067 MB
BatchMode: 0, IsHumanControllingUs: 1, StartBugReporterOnCrash: 1, Is64bit: 1
[Licensing::IpcConnector] Successfully connected to: "LicenseClient-maria" at "2026-07-23T14:31:43.9066462Z"
System  architecture: x64
Process architecture: x64
Date: 2026-07-23T14:31:43Z

COMMAND LINE ARGUMENTS:
C:\Program Files\Unity\Hub\Editor\6000.5.4f1\Editor\Unity.exe
-projectpath
C:\Users\maria\Desktop\Workspace Corso Unity\Unity\ESERCIZI_23_07_26
-acceptSoftwareTermsForThisRunOnly
-useHub
-hubIPC
-cloudEnvironment
production
-licensingIpc
LicenseClient-maria
-hubSessionId
b56b7ba7-6650-406b-8dae-fb12cd330ecb
-accessToken
2qSSkSvbDNJQVMvaFC2xHB-FNRsQSWUBcav4SwgVDPo006f
Successfully changed project path to: C:\Users\maria\Desktop\Workspace Corso Unity\Unity\ESERCIZI_23_07_26
C:/Users/maria/Desktop/Workspace Corso Unity/Unity/ESERCIZI_23_07_26
[UnityMemory] Configuration Parameters - Can be set up in boot.config
    "memorysetup-temp-allocator-size-gi-baking-worker=262144"
    "memorysetup-temp-allocator-size-gi-baking-worker=262144"
    "memorysetup-temp-allocator-size-gi-baking-worker=262144"
    "memorysetup-temp-allocator-size-gi-baking-worker=262144"
    "memorysetup-temp-allocator-size-gi-baking-worker=262144"
    "memorysetup-temp-allocator-size-nav-mesh-worker=65536"
    "memorysetup-temp-allocator-size-audio-worker=65536"
    "memorysetup-temp-allocator-size-cloud-worker=32768"
    "memorysetup-temp-allocator-size-gfx=262144"
    "memorysetup-temp-allocator-size-preload-manager=33554432"
    "memorysetup-allocator-temp-initial-block-size-main=262144"
    "memorysetup-allocator-temp-initial-block-size-worker=262144"
    "memorysetup-temp-allocator-size-job-worker=262144"
    "memorysetup-temp-allocator-size-background-worker=32768"
    "memorysetup-bucket-allocator-granularity=16"
    "memorysetup-bucket-allocator-bucket-count=8"
    "memorysetup-bucket-allocator-block-size=33554432"
    "memorysetup-bucket-allocator-block-count=8"
    "memorysetup-main-allocator-block-size=16777216"
    "memorysetup-thread-allocator-block-size=16777216"
    "memorysetup-main-allocator-mimalloc-enabled=0"
    "memorysetup-gfx-main-allocator-block-size=16777216"
    "memorysetup-gfx-thread-allocator-block-size=16777216"
    "memorysetup-cache-allocator-block-size=4194304"
    "memorysetup-typetree-allocator-block-size=2097152"
    "memorysetup-profiler-bucket-allocator-granularity=16"
    "memorysetup-profiler-bucket-allocator-bucket-count=8"
    "memorysetup-profiler-bucket-allocator-block-size=33554432"
    "memorysetup-profiler-bucket-allocator-block-count=8"
    "memorysetup-profiler-allocator-block-size=16777216"
    "memorysetup-profiler-editor-allocator-block-size=1048576"
    "memorysetup-temp-allocator-size-main=16777216"
    "memorysetup-job-temp-allocator-block-size=2097152"
    "memorysetup-job-temp-allocator-block-size-background=1048576"
    "memorysetup-job-temp-allocator-reduction-small-platforms=262144"
Player connection [10468]  Target information:

Player connection [10468]  * "[IP] 192.168.187.228 [Port] 55504 [Flags] 2 [Guid] 681292275 [EditorId] 681292275 [Version] 1048832 [Id] WindowsEditor(7,Mary_pc) [Debug] 1 [PackageName] WindowsEditor [ProjectName] Editor" 

Player connection [10468] Host joined multi-casting on [225.0.0.222:54997]...
Player connection [10468] Host joined alternative multi-casting on [225.0.0.222:34997]...
Input System module state changed to: Initialized.
[Physics::Module] Initialized fallback backend.
[Physics::Module] Id: 0xdecafbad
[Package Manager] Connected to IPC stream "Upm-27584" after 0.6 seconds.
[Licensing::Module] Licensing is not yet initialized.
[Licensing::Client] Error: HandshakeResponse reported an error:
	ResponseCode: 505
	ResponseStatus: Unsupported protocol version '1.18.1'.
[Licensing::Module] Error: Failed to handshake to channel: "LicenseClient-maria"
[Licensing::IpcConnector] LicenseClient-maria channel disconnected successfully.
[Licensing::IpcConnector] Channel LicenseClient-maria-6000.5.4 doesn't exist
[Licensing::Module] Successfully launched the LicensingClient (PId: 17072)
Starting IPC server.
Waiting for clients to connect on \\.\pipe\Unity-LicenseClient-maria-6000.5.4, press Ctrl-C to exit.
[Licensing::IpcConnector] Successfully connected to: "LicenseClient-maria-6000.5.4" at "2026-07-23T14:31:46.5481157Z"
[Licensing::Client] Code 10 while verifying Licensing Client signature (process Id: 17072, path: "C:/Program Files/Unity/Hub/Editor/6000.5.4f1/Editor/Data/Resources/Licensing/Client/Unity.Licensing.Client.exe")
[Licensing::Module] LicensingClient has failed validation; ignoring
[Licensing::Client] Handshaking with LicensingClient:
  Version:                 1.18.1+9fbee8e
  Session Id:              0e64f710e689468fbee841e6559001eb
  Correlation Id:          9f8adf54e339e06aa2638be20df84dd3
  External correlation Id: 7142628876204573653
  Machine Id:              mYxYd46YV2gbRS2uwSz1xzq4CrE=
[Licensing::Module] Successfully connected to LicensingClient on channel: "LicenseClient-maria-6000.5.4" (connect: 0.57s, validation: 0.38s, handshake: 0.01s)
[Licensing::IpcConnector] Successfully connected to: "LicenseClient-maria-6000.5.4-notifications" at "2026-07-23T14:31:46.9377283Z"
[Licensing::Module] Connected to LicensingClient (PId: 17072, launch time: 0.01, total connection time: 0.96s)
[Licensing::Client] Successfully updated the access token
[Licensing::Module] Successfully updated the access token 2qSSkSvbDN...
[Licensing::Client] Successfully resolved entitlement details
[Licensing::Module] License group:
  Id: 6872871841935-UnityPersXXXX
  Product: Unity Personal
  Type: Assigned
  Expiration: Unlimited
[Licensing::Client] Successfully updated license, isAsync: True, time: 0.02
[Licensing::Client] Successfully resolved entitlement details
[Licensing::Module] Licensing Background thread has ended after 3.16s
[Licensing::Module] Licensing is initialized (took 2.05s).
[Licensing::Client] Successfully resolved entitlement details
Library Redirect Path: Library/
[Physics::Module] Selected backend.
[Physics::Module] Name: PhysX
[Physics::Module] Id: 0xf2b8ea05
[Physics::Module] SDK Version: 4.1.2
[Physics::Module] Integration Version: 1.0.0
[Physics::Module] Threading Mode: Multi-Threaded
Artifact Garbage Collection - Removed 1 unused hashed content files
Initialize engine version: 6000.5.4f1 (d550df8bd089)
[Subsystems] Discovering subsystems at path C:/Program Files/Unity/Hub/Editor/6000.5.4f1/Editor/Data/Resources/UnitySubsystems
[Subsystems] Discovering subsystems at path C:/Users/maria/Desktop/Workspace Corso Unity/Unity/ESERCIZI_23_07_26/Assets
[D3D12 Device Filter] Vendor Name: Intel
[D3D12 Device Filter] Device Name: Intel(R) Iris(R) Xe Graphics
[D3D12 Device Filter] Driver Version: 31.0.101.4502
[D3D12 Device Filter] Feature Level: 12.1
[D3D12 Device Filter] Graphics Memory: 8033 MB
[D3D12 Device Filter] Processor Count: 12
[D3D12 Device Filter] Device Type: Integrated
[D3D12 Device Filter] D3D12 API denied by user filter: {"Vendor": "Intel", "Device Type:": Integrated}
GfxDevice: creating device client; kGfxThreadingModeThreaded
Direct3D:
    Version:  Direct3D 11.0 [level 11.1]
    Renderer: Intel(R) Iris(R) Xe Graphics (ID=0xa7a1)
    Vendor:   Intel
    VRAM:     8033 MB
    Driver:   31.0.101.4502
Initialize mono
Mono path[0] = 'C:/Program Files/Unity/Hub/Editor/6000.5.4f1/Editor/Data/Managed'
Mono path[1] = 'C:/Program Files/Unity/Hub/Editor/6000.5.4f1/Editor/Data/BCLExtensions/runtime/netstandard2.1'
Mono path[2] = 'C:/Program Files/Unity/Hub/Editor/6000.5.4f1/Editor/Data/MonoBleedingEdge/lib/mono/unityjit-win32'
Mono config path = 'C:/Program Files/Unity/Hub/Editor/6000.5.4f1/Editor/Data/MonoBleedingEdge/etc'
Using monoOptions --debugger-agent=transport=dt_socket,embedding=1,server=y,suspend=n,address=127.0.0.1:56584
CodeReloadManager initialized
ImportWorker Server TCP listen port: 0
AcceleratorClientConnectionCallback - disconnected - :0
Begin MonoManager ReloadAssembly
Registering precompiled unity dll's ...
Register platform support module: C:/Program Files/Unity/Hub/Editor/6000.5.4f1/Editor/Data/PlaybackEngines/WebGLSupport/UnityEditor.WebGL.Extensions.dll
Register platform support module: C:/Program Files/Unity/Hub/Editor/6000.5.4f1/Editor/Data/PlaybackEngines/WindowsStandaloneSupport/UnityEditor.WindowsStandalone.Extensions.dll
Registered in 0.002281 seconds.
Native extension for WindowsStandalone target not found
Native extension for WebGL target not found
Package Manager log level set to [2]
ScheduleIndexationOnStartup MainProcess:False IndexOnStartup:True
Mono: successfully reloaded assembly
- Finished resetting the current domain, in  0.575 seconds
Domain Reload Profiling: 1248ms
	BeginReloadAssembly (166ms)
		CreateAndSetChildDomain (5ms)
	RebuildCommonClasses (5ms)
	RebuildNativeTypeToScriptingClass (18ms)
	initialDomainReloadingComplete (81ms)
	LoadAllAssembliesAndSetupDomain (397ms)
		LoadAssemblies (158ms)
		AnalyzeDomain (290ms)
			TypeCache.Refresh (289ms)
				TypeCache.ScanAssembly (269ms)
	FinalizeReload (580ms)
		SetupLoadedEditorAssemblies (0ms)
			InitializePlatformSupportModulesInManaged (4ms)
			BeforeProcessingInitializeOnLoad (120ms)
			ProcessInitializeOnLoadAttributes (147ms)
			ProcessInitializeOnLoadMethodAttributes (204ms)
[Licensing::Client] Successfully resolved entitlement details
Application.AssetDatabase Initial Refresh Start
[Package Manager] Restoring resolved packages state from cache
[Licensing::Client] Successfully resolved entitlement details
[Package Manager] Registered 57 packages:
  Packages from [https://packages.unity.com]:
    com.unity.ai.navigation@2.0.13 (location: C:\Users\maria\Desktop\Workspace Corso Unity\Unity\ESERCIZI_23_07_26\Library\PackageCache\com.unity.ai.navigation@42d896194035)
    com.unity.collab-proxy@2.12.4 (location: C:\Users\maria\Desktop\Workspace Corso Unity\Unity\ESERCIZI_23_07_26\Library\PackageCache\com.unity.collab-proxy@0b1559bcd34e)
    com.unity.ide.rider@3.0.38 (location: C:\Users\maria\Desktop\Workspace Corso Unity\Unity\ESERCIZI_23_07_26\Library\PackageCache\com.unity.ide.rider@1f60b3138684)
    com.unity.ide.visualstudio@2.0.26 (location: C:\Users\maria\Desktop\Workspace Corso Unity\Unity\ESERCIZI_23_07_26\Library\PackageCache\com.unity.ide.visualstudio@a99d56dec63f)
    com.unity.inputsystem@1.19.0 (location: C:\Users\maria\Desktop\Workspace Corso Unity\Unity\ESERCIZI_23_07_26\Library\PackageCache\com.unity.inputsystem@21a28c3a6c83)
    com.unity.timeline@1.8.12 (location: C:\Users\maria\Desktop\Workspace Corso Unity\Unity\ESERCIZI_23_07_26\Library\PackageCache\com.unity.timeline@8cd8509afae5)
    com.unity.visualscripting@1.9.11 (location: C:\Users\maria\Desktop\Workspace Corso Unity\Unity\ESERCIZI_23_07_26\Library\PackageCache\com.unity.visualscripting@8bed5ad90189)
    com.unity.searcher@4.9.4 (location: C:\Users\maria\Desktop\Workspace Corso Unity\Unity\ESERCIZI_23_07_26\Library\PackageCache\com.unity.searcher@d45a78918735)
    com.unity.burst@1.8.29 (location: C:\Users\maria\Desktop\Workspace Corso Unity\Unity\ESERCIZI_23_07_26\Library\PackageCache\com.unity.burst@6bb9aca3ef38)
    com.unity.nuget.mono-cecil@1.11.6 (location: C:\Users\maria\Desktop\Workspace Corso Unity\Unity\ESERCIZI_23_07_26\Library\PackageCache\com.unity.nuget.mono-cecil@ecb9724e46ff)
    com.unity.test-framework.performance@3.5.0 (location: C:\Users\maria\Desktop\Workspace Corso Unity\Unity\ESERCIZI_23_07_26\Library\PackageCache\com.unity.test-framework.performance@8b56083ec0f0)
  Built-in packages:
    com.unity.multiplayer.center@1.0.1 (location: C:\Users\maria\Desktop\Workspace Corso Unity\Unity\ESERCIZI_23_07_26\Library\PackageCache\com.unity.multiplayer.center@b860850997d0)
    com.unity.render-pipelines.universal@17.5.0 (location: C:\Users\maria\Desktop\Workspace Corso Unity\Unity\ESERCIZI_23_07_26\Library\PackageCache\com.unity.render-pipelines.universal@e38be786c41e)
    com.unity.test-framework@1.7.0 (location: C:\Users\maria\Desktop\Workspace Corso Unity\Unity\ESERCIZI_23_07_26\Library\PackageCache\com.unity.test-framework@1405238725ab)
    com.unity.ugui@2.5.0 (location: C:\Users\maria\Desktop\Workspace Corso Unity\Unity\ESERCIZI_23_07_26\Library\PackageCache\com.unity.ugui@f2d87ebaaa32)
    com.unity.modules.accessibility@1.0.0 (location: C:\Users\maria\Desktop\Workspace Corso Unity\Unity\ESERCIZI_23_07_26\Library\PackageCache\com.unity.modules.accessibility)
    com.unity.modules.adaptiveperformance@1.0.0 (location: C:\Users\maria\Desktop\Workspace Corso Unity\Unity\ESERCIZI_23_07_26\Library\PackageCache\com.unity.modules.adaptiveperformance)
    com.unity.modules.ai@1.0.0 (location: C:\Users\maria\Desktop\Workspace Corso Unity\Unity\ESERCIZI_23_07_26\Library\PackageCache\com.unity.modules.ai)
    com.unity.modules.androidjni@1.0.0 (location: C:\Users\maria\Desktop\Workspace Corso Unity\Unity\ESERCIZI_23_07_26\Library\PackageCache\com.unity.modules.androidjni)
    com.unity.modules.animation@1.0.0 (location: C:\Users\maria\Desktop\Workspace Corso Unity\Unity\ESERCIZI_23_07_26\Library\PackageCache\com.unity.modules.animation)
    com.unity.modules.assetbundle@1.0.0 (location: C:\Users\maria\Desktop\Workspace Corso Unity\Unity\ESERCIZI_23_07_26\Library\PackageCache\com.unity.modules.assetbundle)
    com.unity.modules.audio@1.0.0 (location: C:\Users\maria\Desktop\Workspace Corso Unity\Unity\ESERCIZI_23_07_26\Library\PackageCache\com.unity.modules.audio)
    com.unity.modules.cloth@1.0.0 (location: C:\Users\maria\Desktop\Workspace Corso Unity\Unity\ESERCIZI_23_07_26\Library\PackageCache\com.unity.modules.cloth)
    com.unity.modules.director@1.0.0 (location: C:\Users\maria\Desktop\Workspace Corso Unity\Unity\ESERCIZI_23_07_26\Library\PackageCache\com.unity.modules.director)
    com.unity.modules.imageconversion@1.0.0 (location: C:\Users\maria\Desktop\Workspace Corso Unity\Unity\ESERCIZI_23_07_26\Library\PackageCache\com.unity.modules.imageconversion)
    com.unity.modules.imgui@1.0.0 (location: C:\Users\maria\Desktop\Workspace Corso Unity\Unity\ESERCIZI_23_07_26\Library\PackageCache\com.unity.modules.imgui)
    com.unity.modules.jsonserialize@1.0.0 (location: C:\Users\maria\Desktop\Workspace Corso Unity\Unity\ESERCIZI_23_07_26\Library\PackageCache\com.unity.modules.jsonserialize)
    com.unity.modules.particlesystem@1.0.0 (location: C:\Users\maria\Desktop\Workspace Corso Unity\Unity\ESERCIZI_23_07_26\Library\PackageCache\com.unity.modules.particlesystem)
    com.unity.modules.physics@1.0.0 (location: C:\Users\maria\Desktop\Workspace Corso Unity\Unity\ESERCIZI_23_07_26\Library\PackageCache\com.unity.modules.physics)
    com.unity.modules.physics2d@1.0.0 (location: C:\Users\maria\Desktop\Workspace Corso Unity\Unity\ESERCIZI_23_07_26\Library\PackageCache\com.unity.modules.physics2d)
    com.unity.modules.physicscore2d@1.0.0 (location: C:\Users\maria\Desktop\Workspace Corso Unity\Unity\ESERCIZI_23_07_26\Library\PackageCache\com.unity.modules.physicscore2d)
    com.unity.modules.screencapture@1.0.0 (location: C:\Users\maria\Desktop\Workspace Corso Unity\Unity\ESERCIZI_23_07_26\Library\PackageCache\com.unity.modules.screencapture)
    com.unity.modules.terrain@1.0.0 (location: C:\Users\maria\Desktop\Workspace Corso Unity\Unity\ESERCIZI_23_07_26\Library\PackageCache\com.unity.modules.terrain)
    com.unity.modules.terrainphysics@1.0.0 (location: C:\Users\maria\Desktop\Workspace Corso Unity\Unity\ESERCIZI_23_07_26\Library\PackageCache\com.unity.modules.terrainphysics)
    com.unity.modules.tilemap@1.0.0 (location: C:\Users\maria\Desktop\Workspace Corso Unity\Unity\ESERCIZI_23_07_26\Library\PackageCache\com.unity.modules.tilemap)
    com.unity.modules.ui@1.0.0 (location: C:\Users\maria\Desktop\Workspace Corso Unity\Unity\ESERCIZI_23_07_26\Library\PackageCache\com.unity.modules.ui)
    com.unity.modules.uielements@1.0.0 (location: C:\Users\maria\Desktop\Workspace Corso Unity\Unity\ESERCIZI_23_07_26\Library\PackageCache\com.unity.modules.uielements)
    com.unity.modules.umbra@1.0.0 (location: C:\Users\maria\Desktop\Workspace Corso Unity\Unity\ESERCIZI_23_07_26\Library\PackageCache\com.unity.modules.umbra)
    com.unity.modules.unityanalytics@1.0.0 (location: C:\Users\maria\Desktop\Workspace Corso Unity\Unity\ESERCIZI_23_07_26\Library\PackageCache\com.unity.modules.unityanalytics)
    com.unity.modules.unitywebrequest@1.0.0 (location: C:\Users\maria\Desktop\Workspace Corso Unity\Unity\ESERCIZI_23_07_26\Library\PackageCache\com.unity.modules.unitywebrequest)
    com.unity.modules.unitywebrequestassetbundle@1.0.0 (location: C:\Users\maria\Desktop\Workspace Corso Unity\Unity\ESERCIZI_23_07_26\Library\PackageCache\com.unity.modules.unitywebrequestassetbundle)
    com.unity.modules.unitywebrequestaudio@1.0.0 (location: C:\Users\maria\Desktop\Workspace Corso Unity\Unity\ESERCIZI_23_07_26\Library\PackageCache\com.unity.modules.unitywebrequestaudio)
    com.unity.modules.unitywebrequesttexture@1.0.0 (location: C:\Users\maria\Desktop\Workspace Corso Unity\Unity\ESERCIZI_23_07_26\Library\PackageCache\com.unity.modules.unitywebrequesttexture)
    com.unity.modules.unitywebrequestwww@1.0.0 (location: C:\Users\maria\Desktop\Workspace Corso Unity\Unity\ESERCIZI_23_07_26\Library\PackageCache\com.unity.modules.unitywebrequestwww)
    com.unity.modules.vectorgraphics@1.0.0 (location: C:\Users\maria\Desktop\Workspace Corso Unity\Unity\ESERCIZI_23_07_26\Library\PackageCache\com.unity.modules.vectorgraphics)
    com.unity.modules.vehicles@1.0.0 (location: C:\Users\maria\Desktop\Workspace Corso Unity\Unity\ESERCIZI_23_07_26\Library\PackageCache\com.unity.modules.vehicles)
    com.unity.modules.video@1.0.0 (location: C:\Users\maria\Desktop\Workspace Corso Unity\Unity\ESERCIZI_23_07_26\Library\PackageCache\com.unity.modules.video)
    com.unity.modules.wind@1.0.0 (location: C:\Users\maria\Desktop\Workspace Corso Unity\Unity\ESERCIZI_23_07_26\Library\PackageCache\com.unity.modules.wind)
    com.unity.modules.xr@1.0.0 (location: C:\Users\maria\Desktop\Workspace Corso Unity\Unity\ESERCIZI_23_07_26\Library\PackageCache\com.unity.modules.xr)
    com.unity.modules.subsystems@1.0.0 (location: C:\Users\maria\Desktop\Workspace Corso Unity\Unity\ESERCIZI_23_07_26\Library\PackageCache\com.unity.modules.subsystems)
    com.unity.modules.hierarchycore@1.0.0 (location: C:\Users\maria\Desktop\Workspace Corso Unity\Unity\ESERCIZI_23_07_26\Library\PackageCache\com.unity.modules.hierarchycore)
    com.unity.ext.nunit@2.1.0 (location: C:\Users\maria\Desktop\Workspace Corso Unity\Unity\ESERCIZI_23_07_26\Library\PackageCache\com.unity.ext.nunit@44f7d31723bd)
    com.unity.render-pipelines.core@17.5.0 (location: C:\Users\maria\Desktop\Workspace Corso Unity\Unity\ESERCIZI_23_07_26\Library\PackageCache\com.unity.render-pipelines.core@539ef1c759fb)
    com.unity.shadergraph@17.5.0 (location: C:\Users\maria\Desktop\Workspace Corso Unity\Unity\ESERCIZI_23_07_26\Library\PackageCache\com.unity.shadergraph@636559dc59a3)
    com.unity.render-pipelines.universal-config@17.5.0 (location: C:\Users\maria\Desktop\Workspace Corso Unity\Unity\ESERCIZI_23_07_26\Library\PackageCache\com.unity.render-pipelines.universal-config@fdda01c80fe3)
    com.unity.collections@6.5.0 (location: C:\Users\maria\Desktop\Workspace Corso Unity\Unity\ESERCIZI_23_07_26\Library\PackageCache\com.unity.collections@a43cabe808ca)
    com.unity.mathematics@1.4.0 (location: C:\Users\maria\Desktop\Workspace Corso Unity\Unity\ESERCIZI_23_07_26\Library\PackageCache\com.unity.mathematics@981956d94fb6)
[Subsystems] No new subsystems found in resolved package list.
[Package Manager] Done registering packages in 0.04 seconds
info: Microsoft.Hosting.Lifetime[14]
      Now listening on: http://localhost:80
info: Microsoft.Hosting.Lifetime[0]
      Application started. Press Ctrl+C to shut down.
info: Microsoft.Hosting.Lifetime[0]
      Hosting environment: Production
info: Microsoft.Hosting.Lifetime[0]
      Content root path: C:\Users\maria\Desktop\Workspace Corso Unity\Unity\ESERCIZI_23_07_26
info: Microsoft.AspNetCore.Hosting.Diagnostics[1]
      Request starting HTTP/2 POST http://ilpp/UnityILPP.PostProcessing/Ping - application/grpc -
info: Microsoft.AspNetCore.Routing.EndpointMiddleware[0]
      Executing endpoint 'gRPC - /UnityILPP.PostProcessing/Ping'
info: Microsoft.AspNetCore.Routing.EndpointMiddleware[1]
      Executed endpoint 'gRPC - /UnityILPP.PostProcessing/Ping'
info: Microsoft.AspNetCore.Hosting.Diagnostics[2]
      Request finished HTTP/2 POST http://ilpp/UnityILPP.PostProcessing/Ping - 200 - application/grpc 82.5309ms
Starting: C:\Program Files\Unity\Hub\Editor\6000.5.4f1\Editor\Data\Tools\BuildPipeline\bee_backend.exe --ipc --defer-dag-verification --dagfile="Library/Bee/1900b0aE.dag" --continue-on-failure --profile="Library/Bee/backend1.traceevents" ScriptAssemblies
WorkingDir: C:/Users/maria/Desktop/Workspace Corso Unity/Unity/ESERCIZI_23_07_26
info: Microsoft.AspNetCore.Hosting.Diagnostics[1]
      Request starting HTTP/2 POST http://ilpp/UnityILPP.PostProcessing/ConfigurePostProcessors - application/grpc -
info: Microsoft.AspNetCore.Routing.EndpointMiddleware[0]
      Executing endpoint 'gRPC - /UnityILPP.PostProcessing/ConfigurePostProcessors'
warn: Unity.ILPP.Runner.PostProcessingAssemblyLoadContext[0]
      Assembly system.runtime.interopservices.windowsruntime has duplicate hint path. Ignoring "C:\Program Files\Unity\Hub\Editor\6000.5.4f1\Editor\Data\UnityReferenceAssemblies\unity-4.8-api\Facades\System.Runtime.InteropServices.WindowsRuntime.dll" in favor of "C:\Program Files\Unity\Hub\Editor\6000.5.4f1\Editor\Data\NetStandard\Extensions\2.0.0\System.Runtime.InteropServices.WindowsRuntime.dll"
warn: Unity.ILPP.Runner.PostProcessingAssemblyLoadContext[0]
      Assembly system.componentmodel.composition has duplicate hint path. Ignoring "C:\Program Files\Unity\Hub\Editor\6000.5.4f1\Editor\Data\UnityReferenceAssemblies\unity-4.8-api\System.ComponentModel.Composition.dll" in favor of "C:\Program Files\Unity\Hub\Editor\6000.5.4f1\Editor\Data\NetStandard\compat\2.1.0\shims\netfx\System.ComponentModel.Composition.dll"
info: Unity.ILPP.Runner.PostProcessingAssemblyLoadContext[0]
      Resolved Unity.Burst.Cecil, Version=0.11.6.0, Culture=neutral, PublicKeyToken=50cebf1cceb9d05e with Library\PackageCache\com.unity.burst@6bb9aca3ef38\Unity.Burst.CodeGen\Unity.Burst.Cecil.dll
info: Unity.ILPP.Runner.PostProcessingAssemblyLoadContext[0]
      Resolved Mono.Cecil, Version=0.11.5.0, Culture=neutral, PublicKeyToken=50cebf1cceb9d05e with Library\PackageCache\com.unity.nuget.mono-cecil@ecb9724e46ff\Mono.Cecil.dll
info: Microsoft.AspNetCore.Routing.EndpointMiddleware[1]
      Executed endpoint 'gRPC - /UnityILPP.PostProcessing/ConfigurePostProcessors'
info: Microsoft.AspNetCore.Hosting.Diagnostics[2]
      Request finished HTTP/2 POST http://ilpp/UnityILPP.PostProcessing/ConfigurePostProcessors - 200 - application/grpc 84.5336ms
ExitCode: 0 Duration: 0s545ms
[722/915    0s] ILPP-Configuration Library/ilpp-configuration.nevergeneratedoutput
*** Tundra build success (0.47 seconds), 1 items updated, 915 evaluated
AssetDatabase: script compilation time: 1.250604s
Total cache size 64331380
Total cache size after purge 64331380, took 00:00:00.0954827
Begin MonoManager ReloadAssembly
Refreshing native plugins compatible for Editor in 5.99 ms, found 4 plugins.
Native extension for WindowsStandalone target not found
Native extension for WebGL target not found
Refreshing native plugins compatible for Editor in 4.40 ms, found 4 plugins.
ScheduleIndexationOnStartup MainProcess:True IndexOnStartup:True
Mono: successfully reloaded assembly
- Finished resetting the current domain, in  4.385 seconds
Domain Reload Profiling: 5816ms
	BeginReloadAssembly (282ms)
		DisableScriptedObjects (29ms)
		CreateAndSetChildDomain (52ms)
	RebuildCommonClasses (13ms)
	RebuildNativeTypeToScriptingClass (18ms)
	initialDomainReloadingComplete (64ms)
	LoadAllAssembliesAndSetupDomain (1053ms)
		LoadAssemblies (481ms)
		AnalyzeDomain (485ms)
			TypeCache.Refresh (329ms)
				TypeCache.ScanAssembly (311ms)
			BuildScriptInfoCaches (141ms)
			ResolveRequiredComponents (12ms)
	FinalizeReload (4387ms)
		SetupLoadedEditorAssemblies (0ms)
			InitializePlatformSupportModulesInManaged (3ms)
			BeforeProcessingInitializeOnLoad (161ms)
			ProcessInitializeOnLoadAttributes (3296ms)
			ProcessInitializeOnLoadMethodAttributes (333ms)
			AfterProcessingInitializeOnLoad (11ms)
		AwakeInstancesAfterBackupRestoration (27ms)
Starting new worker id: 0 with log in C:/Users/maria/Desktop/Workspace Corso Unity/Unity/ESERCIZI_23_07_26/Logs/AssetImportWorkerHW0.log

Asset Pipeline Refresh (id=869436711cc5d994e99a091315c94a0c): Total: 8.220 seconds - Initiated by InitialRefreshV2(ForceSynchronousImport)
	(Values over 0.05ms)
	Summary:
		Imports: total=0 (actual=0, local cache=0, cache server=0)
		Asset DB Process Time: managed=0 ms, native=5295 ms
		Asset DB Callback time: managed=58 ms, native=43 ms
		Scripting: domain reloads=1, domain reload time=1501 ms, compile time=1252 ms, other=68 ms
		Project Asset Count: scripts=1309, non-scripts=2265
		Asset File Changes: new=0, changed=0, moved=0, deleted=0
		Scan Filter Count: 0
	InvokePackagesCallback: 46.089ms
	ApplyChangesToAssetFolders: 0.680ms
	Scan: 279.321ms
	Collect global state as custom dependencies: 4.920ms
	CategorizeScriptCompilationAssets: 86.414ms
	ProcessAssetsWithTransientArtifactChanges: 172.028ms
	CategorizeAssets: 63.477ms
	CompileScripts: 1252.475ms
	ImportOutOfDateAssets: 4499.980ms (4425.899ms without children)
		ReloadNativeAssets: 0.069ms
		UnloadImportedAssets: 1.648ms
		EnsureUptoDateAssetsAreRegisteredWithGuidPM: 1.579ms
		ImportSchedulerStart: 70.779ms
	PostProcessAllAssets: 58.356ms
		MonoPostProcessAllAssets: 58.133ms
			UniversalRenderPipelineGlobalSettingsPostprocessor.OnPostprocessAllAssets 13.376ms
			SyncVS.PostprocessSyncProject 3.938ms
			SpeedTree9Postprocessor.OnPostprocessAllAssets 2.441ms
			WindowAssetPostprocessingWatcher.OnPostprocessAllAssets 2.426ms
			EditModeScopePostprocessor.OnPostprocessAllAssets 1.037ms
			RenderPipelineGlobalSettingsPostprocessor.OnPostprocessAllAssets 0.856ms
			InputActionAssetPostprocessor.OnPostprocessAllAssets 0.702ms
			ShaderReflectionAssetPostProcessor.OnPostprocessAllAssets 0.483ms
			ReferencedClipsPostProcessor.OnPostprocessAllAssets 0.316ms
			TerrainToolbarOverlayPostProcessor.OnPostprocessAllAssets 0.262ms
			ProjectSettingsPostprocessor.OnPostprocessAllAssets 0.257ms
			AssetDatabaseCallbacks.OnPostprocessAllAssets 0.223ms
	UnloadStreamsBegin: 3.929ms
	PersistCurrentRevisions: 0.211ms
	GenerateScriptTypeHashes: 1.892ms
	GenerateScriptTypeSerializationHashes: 3.280ms
	Untracked: 1742.211ms

Application.AssetDatabase Initial Refresh End
Launched and connected shader compiler UnityShaderCompiler.exe after 0.03 seconds
Scanning for USB devices : 3.456ms
Initializing Unity extensions:
[MODES] ModeService[none].Initialize
[MODES] ModeService[none].LoadModes
[MODES] Loading mode Default (0) for mode-current-id-ESERCIZI_23_07_26
Unloading 24 Unused Serialized files (Serialized files now loaded: 0)
Loaded scene 'Assets/Scenes/SampleScene.unity'
	Deserialize:            12.653 ms
	Integration:            309.418 ms
	Integration of assets:  0.005 ms
	Thread Wait Time:       0.032 ms
	Total Operation Time:   322.107 ms
Unloading 6441 unused Assets / (7.0 MB). Loaded Objects now: 7629.
Memory consumption went from 413.6 MB to 406.6 MB.
Total: 24.590100 ms (FindLiveObjects: 0.871200 ms CreateObjectMapping: 5.221800 ms MarkObjects: 9.941700 ms  DeleteObjects: 8.550500 ms)

[LAYOUT] About to load UserSettings\Layouts\default-6000.dwlt, keepMainWindow=False
[LAYOUT] About to save layout C:\Users\maria\Desktop\Workspace Corso Unity\Unity\ESERCIZI_23_07_26\UserSettings\Layouts\default-6000.dwlt
[LAYOUT] About to save layout C:/Users/maria/AppData/Roaming/Unity/Editor-5.x/Preferences\Layouts\current\default-6000.dwlt
[MODES] ModeService[default].InitializeCurrentMode
[MODES] ModeService[default].RaiseModeChanged(default, default)
<RI> Initializing input.
Using Windows.Gaming.Input
[Project] Loading completed in 16.394 seconds
	Project init time: 				13.964 seconds
		Template init time: 		0.000 seconds
		Package Manager init time: 		2.634 seconds
		Asset Database init time: 		0.452 seconds
		Global illumination init time: 	0.004 seconds
		Assemblies load time: 			1.297 seconds
		Unity extensions init time: 	0.049 seconds
		Asset Database refresh time: 	8.220 seconds
	Scene opening time: 			1.952 seconds
##utp:{"type":"ProjectInfo","version":2,"phase":"Immediate","time":1784817120283,"processId":27584,"projectLoad":16.3943148,"projectInit":13.9636781,"templateInit":0.0,"packageManagerInit":2.6336943,"assetDatabaseInit":0.4521053,"globalIlluminationInit":0.0039583,"assembliesLoad":1.2970508,"unityExtensionsInit":0.048861,"assetDatabaseRefresh":8.2204021,"sceneOpening":1.9517543}
##utp:{"type":"EditorInfo","version":2,"phase":"Immediate","time":1784817120283,"processId":27584,"editorVersion":"6000.5.4f1 (d550df8bd089)","branch":"6000.5/staging","buildType":"Release","platform":"Windows"}
Asset Pipeline Refresh (id=4b53aa5f32c13744ebf0ac352b5a0138): Total: 0.212 seconds - Initiated by RefreshV2(AllowForceSynchronousImport)
Start Indexing on Editor startup
[Indexing] Starting Initial Indexing for Assets
Worker ready: AssetImportWorkerHW0 0
Created GICache directory at C:/Users/maria/AppData/LocalLow/Unity/Caches/GiCache. Took: 0.017s, timestamps: [16.668 - 16.685]
[Licensing::Client] Successfully resolved entitlement details
[Licensing::Client] Successfully resolved entitlement details
[Licensing::Client] Successfully updated the access token
[Licensing::Module] Successfully updated access token: "2qSSkSvb"... (expires: 2026-07-23T15:57:17Z)
[Licensing::Client] Successfully resolved entitlement details
UPID Received 'fa34b4ba-02d8-485c-8186-b4e92e2bd584'.
[Licensing::Client] Successfully resolved entitlement details
TrimDiskCacheJob: Current cache size 0mb
Asset Pipeline Refresh (id=5c4997de021120f44a1371ef34d36fbd): Total: 0.008 seconds - Initiated by RefreshV2(AllowForceSynchronousImport)
Asset Pipeline Refresh (id=5ffcdceb70a0b7447be10db962d1dd71): Total: 0.010 seconds - Initiated by RefreshV2(AllowForceSynchronousImport)
Asset Pipeline Refresh (id=19767b9aef264914b9df61e8fbfaf7a5): Total: 0.008 seconds - Initiated by RefreshV2(AllowForceSynchronousImport)
Asset Pipeline Refresh (id=afd7b4d673f2d474891032d52eef7593): Total: 0.006 seconds - Initiated by RefreshV2(AllowForceSynchronousImport)
Asset Pipeline Refresh (id=52d0d7629950ed241a5e671d62847285): Total: 0.004 seconds - Initiated by RefreshV2(AllowForceSynchronousImport)
Importing 'GUID: eecc99f05342c174093bb2da60264ab4 - Path: Assets/Material/NasoPupazzo.mat' with importer (NativeFormatImporter)
Imported 'GUID: eecc99f05342c174093bb2da60264ab4' -> (Import Result ID: '8f58c272727960b68d8b48601442a1d1') in 0.006 seconds [static dependencies only]. Details - ImportResultOutputID=f04e45de5a527e5dfa22599ef2cba02d DependenciesID=9868071e740021a86b9578013d0bc5dd StaticDependenciesID=ef02c1386836d1616cc757bd803177b0 
Refreshing native plugins compatible for Editor in 2.06 ms, found 4 plugins.
Asset Pipeline Refresh (id=81cb92030db0e6640923d8839d00a7bf): Total: 0.164 seconds - Initiated by StopAssetImportingV2(NoUpdateAssetOptions)
Importing 'GUID: eecc99f05342c174093bb2da60264ab4 - Path: Assets/Material/NasoPupazzo.mat' with importer (NativeFormatImporter)
Imported 'GUID: eecc99f05342c174093bb2da60264ab4' -> (Import Result ID: '0592cfe6164e0909f2d20f7597c410ff') in 0.002 seconds [static dependencies only]. Details - ImportResultOutputID=f04e45de5a527e5dfa22599ef2cba02d DependenciesID=f43ba294eef74746a5f61f3e903bf507 StaticDependenciesID=c666072d9899f29e53c2cf4202f781d6 
Asset Pipeline Refresh (id=cbafb7eb8bbc8474ea88fa3baec80565): Total: 0.075 seconds - Initiated by StopAssetImportingV2(NoUpdateAssetOptions)
Starting new worker id: 1 with log in C:/Users/maria/Desktop/Workspace Corso Unity/Unity/ESERCIZI_23_07_26/Logs/AssetImportWorkerHW1.log
[Worker0] Imported GUID: eecc99f05342c174093bb2da60264ab4 - Path: Assets/Material/NasoPupazzo.mat - Importer: PreviewImporter -> (ImportResultId: 'e42178616462c79579aac8753a52f65c') in 1.1400566 seconds
[Worker0] Imported GUID: eecc99f05342c174093bb2da60264ab4 - Path: Assets/Material/NasoPupazzo.mat - Importer: ScriptedImporter/UnityEditor.QuickSearchModule:UnityEditor.Search:ASIAI0B -> (ImportResultId: '2c916314202a031284157428e37cb2c9') in 0.2350917 seconds
Request Asset Garbage Collect because used heap size increased from 411.5 MB to 0.65 GB, exceeding the threshold of 256.0 MB.
Unloading 3 Unused Serialized files (Serialized files now loaded: 0)
Unloading 71 unused Assets / (17.1 MB). Loaded Objects now: 8956.
Memory consumption went from 0.66 GB to 0.64 GB.
Total: 51.034900 ms (FindLiveObjects: 0.752700 ms CreateObjectMapping: 1.497600 ms MarkObjects: 41.916900 ms  DeleteObjects: 6.864500 ms)

Worker ready: AssetImportWorkerHW1 1
Importing 'GUID: eecc99f05342c174093bb2da60264ab4 - Path: Assets/Material/NasoPupazzo.mat' with importer (NativeFormatImporter)
Imported 'GUID: eecc99f05342c174093bb2da60264ab4' -> (Import Result ID: '9dcf502e7773e3263733836bde334b1b') in 0.002 seconds [static dependencies only]. Details - ImportResultOutputID=f04e45de5a527e5dfa22599ef2cba02d DependenciesID=6189855a9485aa197f20d33c27a1e756 StaticDependenciesID=16fdf6cbad2bb2b97d6a0b7d714d526c 
Asset Pipeline Refresh (id=363ac15c049bf554eb706483e3adf112): Total: 0.076 seconds - Initiated by StopAssetImportingV2(NoUpdateAssetOptions)
Importing 'GUID: 99c9720ab356a0642a771bea13969a05 - Path: Assets/Scenes/SampleScene.unity' with importer (DefaultImporter)
Imported 'GUID: 99c9720ab356a0642a771bea13969a05' -> (Import Result ID: '7ed80ce0d84db99864e942f5efe7edb1') in 0.002 seconds [static dependencies only]. Details - ImportResultOutputID=378ca25c6c95e370f41ed482e616ed68 DependenciesID=b6057548125e939b081ef8e1913193cb StaticDependenciesID=84aea01f73f00e097cb60dcad9296157 
Asset Pipeline Refresh (id=2150de837b4c4484e8135231a855cab8): Total: 0.078 seconds - Initiated by StopAssetImportingV2(NoUpdateAssetOptions)
[Worker0] Imported GUID: eecc99f05342c174093bb2da60264ab4 - Path: Assets/Material/NasoPupazzo.mat - Importer: PreviewImporter -> (ImportResultId: '0fb387771093585648bbc7a80c9d2d93') in 0.0357038 seconds
[Worker0] Imported GUID: 99c9720ab356a0642a771bea13969a05 - Path: Assets/Scenes/SampleScene.unity - Importer: ScriptedImporter/UnityEditor.QuickSearchModule:UnityEditor.Search:ASIAI0B -> (ImportResultId: 'b3f238d0e05294cd48b5c80e55f09d30') in 0.0202023 seconds
[Worker1] Imported GUID: eecc99f05342c174093bb2da60264ab4 - Path: Assets/Material/NasoPupazzo.mat - Importer: ScriptedImporter/UnityEditor.QuickSearchModule:UnityEditor.Search:ASIAI0B -> (ImportResultId: '288bc2401efda9725e7a444037058169') in 0.2198084 seconds
MonoPathRemapper: Attempts to remap: 46667; Successful remaps: 18272
Serialized file version minimum: 22, current 23
[LAYOUT] About to save layout C:\Users\maria\Desktop\Workspace Corso Unity\Unity\ESERCIZI_23_07_26\UserSettings\Layouts\default-6000.dwlt
[LAYOUT] About to save layout C:/Users/maria/AppData/Roaming/Unity/Editor-5.x/Preferences\Layouts\current\default-6000.dwlt
Input System module state changed to: ShutdownInProgress.
Input Polling Thread exited.
Input System module state changed to: Shutdown.
[Physics::Module] Cleanup current backend.
[Physics::Module] Id: 0xf2b8ea05
[Licensing::IpcConnector] LicenseClient-maria-6000.5.4-notifications channel disconnected successfully.
[Licensing::IpcConnector] LicenseClient-maria-6000.5.4 channel disconnected successfully.
Shut down.
AcceleratorClientConnectionCallback - disconnected - :0
Cleanup mono
CodeReloadManager destroyed
debugger-agent: Unable to listen on 3984
Checking for leaked weakptr:
  Found no leaked weakptrs.
[Package Manager] Server process was shutdown
##utp:{"type":"MemoryLeaks","version":2,"phase":"Immediate","time":1784817708725,"processId":27584,"allocatedMemory":51874550,"memoryLabels":[{"Default":214457},{"Permanent":15516},{"NewDelete":67101},{"Thread":4197560},{"Manager":820517},{"VertexData":8},{"Geometry":816},{"Texture":24},{"Shader":857197},{"Material":24},{"GfxDevice":55328},{"Animation":952},{"Audio":1544},{"FreeType":8},{"FontEngine":736},{"Physics":2146},{"Physics2D":16},{"Serialization":64272},{"Input":45280},{"JobScheduler":256},{"TextLib":19030},{"Mono":48},{"MonoCode":64},{"ScriptingNativeRuntime":1596700},{"BaseObject":1675721},{"Resource":1208},{"Renderer":3080},{"Transform":4685},{"File":15881},{"WebCam":616},{"Culling":32},{"Terrain":11442},{"Wind":24},{"STL":40},{"String":9827},{"StaticString":3808},{"Utility":2673450},{"Curl":48},{"PoolAlloc":2360},{"AI":80},{"TypeTree":17165},{"CodeReload":448},{"RuntimeInitializeOnLoadManager":64},{"Sprites":102},{"SpriteAtlas":120},{"GI":7816},{"Director":8296},{"CloudService":7096},{"WebRequest":7824},{"VR":47114},{"SceneManager":608},{"Video":208},{"LazyScriptCache":32},{"NativeArray":33073356},{"Camera":17},{"Secure":265},{"SerializationCache":1576},{"APIUpdating":10320},{"Subsystems":336},{"VirtualTexturing":57888},{"StaticSafetyDebugInfo":278528},{"Analytics":552},{"Hierarchy":1176},{"UIElements":777456},{"CoreStats":13688},{"Identifiers":6768},{"Gui":267801},{"EditorUtility":268827},{"VersionControl":8},{"Undo":931},{"AssetDatabase":4603900},{"AssetImporter":40},{"EditorGi":328},{"UnityConnect":35345},{"Upm":1988},{"UpmDiagnostics":8},{"AssetCompliance":64},{"DrivenProperties":72},{"LocalIPC":211},{"ProfilerEditor":9746},{"CoreBusinessMetrics":3480},{"Windowing":456},{"Licensing":664},{"AssetReference":32},{"IPCStream":32}]}
