[Licensing::Module] Trying to connect to existing licensing client channel...
Built from '6000.5/staging' branch; Version is '6000.5.4f1 (d550df8bd089) revision 13979871'; Using compiler version '194234433'; Build Type 'Release'
[Licensing::IpcConnector] Successfully connected to: "LicenseClient-maria" at "2026-07-23T08:50:31.0410398Z"
OS: 'Windows 11  (10.0.26200) Core' Language: 'it' Physical Memory: 16067 MB
BatchMode: 1, IsHumanControllingUs: 0, StartBugReporterOnCrash: 0, Is64bit: 1
System  architecture: x64
Process architecture: x64
Date: 2026-07-23T08:50:31Z

COMMAND LINE ARGUMENTS:
C:\Program Files\Unity\Hub\Editor\6000.5.4f1\Editor\Unity.exe
-adb2
-batchMode
-noUpm
-name
AssetImportWorkerHW0
-projectPath
C:/Users/maria/Desktop/Workspace Corso Unity/Unity/My project
-logFile
Logs/AssetImportWorkerHW0.log
-srvPort
50936
-parentPid
16400
-analyticsCloudUserId
anonymous
-analyticsCloudProjectId
4191f0f0-0e5f-451d-bb93-48fab58420a8
-analyticsLocalProjectId
71bfb7f173d0ae043aaa546726da8b33
-licensingIpc
LicenseClient-maria
-noDiagnosticSwitchPersistentStore
-job-worker-count
5
-background-job-worker-count
8
-asset-garbage-collectors
1
-force-d3d12
-name
AssetImport
Successfully changed project path to: C:/Users/maria/Desktop/Workspace Corso Unity/Unity/My project
C:/Users/maria/Desktop/Workspace Corso Unity/Unity/My project
[UnityMemory] Configuration Parameters - Can be set up in boot.config
    "memorysetup-temp-allocator-size-gi-baking-worker=262144"
    "memorysetup-temp-allocator-size-gi-baking-worker=262144"
    "memorysetup-temp-allocator-size-gi-baking-worker=262144"
    "memorysetup-temp-allocator-size-gi-baking-worker=262144"
    "memorysetup-temp-allocator-size-gi-baking-worker=262144"
    "memorysetup-temp-allocator-size-nav-mesh-worker=65536"
    "memorysetup-temp-allocator-size-audio-worker=65536"
    "memorysetup-temp-allocator-size-cloud-worker=32768"
    "memorysetup-temp-allocator-size-gfx=262144"
    "memorysetup-temp-allocator-size-preload-manager=33554432"
    "memorysetup-allocator-temp-initial-block-size-main=262144"
    "memorysetup-allocator-temp-initial-block-size-worker=262144"
    "memorysetup-temp-allocator-size-job-worker=262144"
    "memorysetup-temp-allocator-size-background-worker=32768"
    "memorysetup-bucket-allocator-granularity=16"
    "memorysetup-bucket-allocator-bucket-count=8"
    "memorysetup-bucket-allocator-block-size=33554432"
    "memorysetup-bucket-allocator-block-count=8"
    "memorysetup-main-allocator-block-size=16777216"
    "memorysetup-thread-allocator-block-size=16777216"
    "memorysetup-main-allocator-mimalloc-enabled=0"
    "memorysetup-gfx-main-allocator-block-size=16777216"
    "memorysetup-gfx-thread-allocator-block-size=16777216"
    "memorysetup-cache-allocator-block-size=4194304"
    "memorysetup-typetree-allocator-block-size=2097152"
    "memorysetup-profiler-bucket-allocator-granularity=16"
    "memorysetup-profiler-bucket-allocator-bucket-count=8"
    "memorysetup-profiler-bucket-allocator-block-size=33554432"
    "memorysetup-profiler-bucket-allocator-block-count=8"
    "memorysetup-profiler-allocator-block-size=16777216"
    "memorysetup-profiler-editor-allocator-block-size=1048576"
    "memorysetup-temp-allocator-size-main=16777216"
    "memorysetup-job-temp-allocator-block-size=2097152"
    "memorysetup-job-temp-allocator-block-size-background=1048576"
    "memorysetup-job-temp-allocator-reduction-small-platforms=262144"
Player connection [13344]  Target information:

Player connection [13344]  * "[IP] 192.168.187.228 [Port] 0 [Flags] 2 [Guid] 1300569822 [EditorId] 1300569822 [Version] 1048832 [Id] WindowsEditor(7,Mary_pc) [Debug] 1 [PackageName] WindowsEditor [ProjectName] Editor" 

Player connection [13344] Host joined multi-casting on [225.0.0.222:54997]...
Player connection [13344] Host joined alternative multi-casting on [225.0.0.222:34997]...
JobSystem: Creating JobQueue using job-worker-count value 5
Input System module state changed to: Initialized.
[Physics::Module] Initialized fallback backend.
[Physics::Module] Id: 0xdecafbad
Library Redirect Path: Library/
[Physics::Module] Selected backend.
[Physics::Module] Name: PhysX
[Physics::Module] Id: 0xf2b8ea05
[Physics::Module] SDK Version: 4.1.2
[Physics::Module] Integration Version: 1.0.0
[Physics::Module] Threading Mode: Multi-Threaded
Refreshing native plugins compatible for Editor in 10.56 ms, found 4 plugins.
Initialize engine version: 6000.5.4f1 (d550df8bd089)
[Subsystems] Discovering subsystems at path C:/Program Files/Unity/Hub/Editor/6000.5.4f1/Editor/Data/Resources/UnitySubsystems
[Subsystems] Discovering subsystems at path C:/Users/maria/Desktop/Workspace Corso Unity/Unity/My project/Assets
Forcing GfxDevice: Direct3D 12
GfxDevice: creating device client; kGfxThreadingModeNonThreaded
d3d12: failed to query info queue interface (0x80004002).
Direct3D:
    Version:         Direct3D 12 [level 12.1]
    Renderer:        Intel(R) Iris(R) Xe Graphics (ID=0xa7a1)
    Vendor:          Intel
    VRAM:            8033 MB
    App VRAM Budget: 7376 MB
    Driver:          31.0.101.4502
    Unified Memory Architecture
    Cache Coherent UMA
Initialize mono
Mono path[0] = 'C:/Program Files/Unity/Hub/Editor/6000.5.4f1/Editor/Data/Managed'
Mono path[1] = 'C:/Program Files/Unity/Hub/Editor/6000.5.4f1/Editor/Data/BCLExtensions/runtime/netstandard2.1'
Mono path[2] = 'C:/Program Files/Unity/Hub/Editor/6000.5.4f1/Editor/Data/MonoBleedingEdge/lib/mono/unityjit-win32'
Mono config path = 'C:/Program Files/Unity/Hub/Editor/6000.5.4f1/Editor/Data/MonoBleedingEdge/etc'
Using monoOptions --debugger-agent=transport=dt_socket,embedding=1,server=y,suspend=n,address=127.0.0.1:56852
CodeReloadManager initialized
Begin MonoManager ReloadAssembly
Registering precompiled unity dll's ...
Register platform support module: C:/Program Files/Unity/Hub/Editor/6000.5.4f1/Editor/Data/PlaybackEngines/WebGLSupport/UnityEditor.WebGL.Extensions.dll
Register platform support module: C:/Program Files/Unity/Hub/Editor/6000.5.4f1/Editor/Data/PlaybackEngines/WindowsStandaloneSupport/UnityEditor.WindowsStandalone.Extensions.dll
Registered in 0.003662 seconds.
[Licensing::Client] Error: HandshakeResponse reported an error:
	ResponseCode: 505
	ResponseStatus: Unsupported protocol version '1.18.1'.
[Licensing::Module] Error: Failed to handshake to channel: "LicenseClient-maria"
[Licensing::IpcConnector] LicenseClient-maria channel disconnected successfully.
[Licensing::IpcConnector] Successfully connected to: "LicenseClient-maria-6000.5.4" at "2026-07-23T08:50:33.2967525Z"
[Licensing::Client] Code 10 while verifying Licensing Client signature (process Id: 23652, path: "C:/Program Files/Unity/Hub/Editor/6000.5.4f1/Editor/Data/Resources/Licensing/Client/Unity.Licensing.Client.exe")
[Licensing::Module] LicensingClient has failed validation; ignoring
[Licensing::Client] Handshaking with LicensingClient:
  Version:                 1.18.1+9fbee8e
  Session Id:              70c54b7d28ee495786355d3ec0c3a54f
  Correlation Id:          c527927e773f888614b5336f37fe6db5
  External correlation Id: 5041039535339854536
  Machine Id:              mYxYd46YV2gbRS2uwSz1xzq4CrE=
[Licensing::Module] Successfully connected to LicensingClient on channel: "LicenseClient-maria-6000.5.4" (connect: 0.00s, validation: 0.00s, handshake: 0.01s)
[Licensing::IpcConnector] Successfully connected to: "LicenseClient-maria-6000.5.4-notifications" at "2026-07-23T08:50:33.3133918Z"
[Licensing::Module] Licensing Background thread has ended after 2.27s
Native extension for WindowsStandalone target not found
Native extension for WebGL target not found
Package Manager log level set to [2]
[Package Manager] Failed to launch server process. Reason: Unity was launched with the -noUpm command-line argument
[Package Manager] Unable to send message (not connected to server process).
[Package Manager] Cannot connect to Unity Package Manager local server
ScheduleIndexationOnStartup MainProcess:False IndexOnStartup:True
Mono: successfully reloaded assembly
- Finished resetting the current domain, in  1.168 seconds
Domain Reload Profiling: 2390ms
	BeginReloadAssembly (272ms)
	RebuildCommonClasses (11ms)
	RebuildNativeTypeToScriptingClass (46ms)
	initialDomainReloadingComplete (172ms)
	LoadAllAssembliesAndSetupDomain (715ms)
		LoadAssemblies (269ms)
		AnalyzeDomain (539ms)
			TypeCache.Refresh (536ms)
				TypeCache.ScanAssembly (510ms)
	FinalizeReload (1174ms)
		SetupLoadedEditorAssemblies (0ms)
			InitializePlatformSupportModulesInManaged (6ms)
			BeforeProcessingInitializeOnLoad (289ms)
			ProcessInitializeOnLoadAttributes (309ms)
			ProcessInitializeOnLoadMethodAttributes (390ms)
Initializing Unity extensions:
[Licensing::Client] Successfully resolved entitlement details
[Licensing::Module] License group:
  Id: 6872871841935-UnityPersXXXX
  Product: Unity Personal
  Type: Assigned
  Expiration: Unlimited
========================================================================
Worker process is ready to serve import requests
Import Worker Mode flag is 0x00
Begin MonoManager ReloadAssembly
Refreshing native plugins compatible for Editor in 4.09 ms, found 4 plugins.
Native extension for WindowsStandalone target not found
Native extension for WebGL target not found
[Package Manager] Failed to launch server process. Reason: Unity was launched with the -noUpm command-line argument
[Package Manager] Unable to send message (not connected to server process).
[Package Manager] Cannot connect to Unity Package Manager local server
Refreshing native plugins compatible for Editor in 4.14 ms, found 4 plugins.
[Package Manager] Failed to launch server process. Reason: Unity was launched with the -noUpm command-line argument
[Package Manager] Unable to send message (not connected to server process).
[Package Manager] Cannot connect to Unity Package Manager local server
ScheduleIndexationOnStartup MainProcess:False IndexOnStartup:True
Mono: successfully reloaded assembly
- Finished resetting the current domain, in  1.959 seconds
Domain Reload Profiling: 4377ms
	BeginReloadAssembly (557ms)
		DisableScriptedObjects (14ms)
		CreateAndSetChildDomain (86ms)
	RebuildCommonClasses (21ms)
	RebuildNativeTypeToScriptingClass (48ms)
	initialDomainReloadingComplete (183ms)
	LoadAllAssembliesAndSetupDomain (1608ms)
		LoadAssemblies (825ms)
		AnalyzeDomain (711ms)
			TypeCache.Refresh (472ms)
				TypeCache.ScanAssembly (432ms)
			BuildScriptInfoCaches (214ms)
			ResolveRequiredComponents (20ms)
	FinalizeReload (1961ms)
		SetupLoadedEditorAssemblies (0ms)
			InitializePlatformSupportModulesInManaged (3ms)
			BeforeProcessingInitializeOnLoad (219ms)
			ProcessInitializeOnLoadAttributes (748ms)
			ProcessInitializeOnLoadMethodAttributes (273ms)
			AfterProcessingInitializeOnLoad (11ms)
		AwakeInstancesAfterBackupRestoration (5ms)
AcceleratorClientConnectionCallback - disconnected - :0
Launched and connected shader compiler UnityShaderCompiler.exe after 0.02 seconds
Refreshing native plugins compatible for Editor in 5.78 ms, found 4 plugins.
Unloading 22 Unused Serialized files (Serialized files now loaded: 0)
Curl error 3: URL rejected: Malformed input to a URL function
Unloading 6424 unused Assets / (10.2 MB). Loaded Objects now: 7245.
Memory consumption went from 314.3 MB to 304.0 MB.
Total: 43.005500 ms (FindLiveObjects: 0.583900 ms CreateObjectMapping: 8.089700 ms MarkObjects: 23.187400 ms  DeleteObjects: 11.141000 ms)

========================================================================
Received Prepare
AcceleratorClientConnectionCallback - disconnected - :0
Refreshing native plugins compatible for Editor in 5.59 ms, found 4 plugins.
Unloading 22 Unused Serialized files (Serialized files now loaded: 0)
Unloading 22 unused Assets / (2.6 MB). Loaded Objects now: 7245.
Memory consumption went from 307.2 MB to 304.6 MB.
Total: 13.496400 ms (FindLiveObjects: 0.791100 ms CreateObjectMapping: 1.932800 ms MarkObjects: 9.607500 ms  DeleteObjects: 1.162200 ms)

Prepare: number of updated asset objects reloaded= 0
========================================================================
Received Import Request.
  Time of request: 2026-07-23T09:27:31.4600394Z
  Time since last request: 169457.90613759998814 seconds.
  importAddress: GUID: 656f74f6edaa396458412b9e3903d8cd - Path: Packages/com.unity.ide.visualstudio/package.json - Importer: PreviewImporter
Importing 'GUID: 656f74f6edaa396458412b9e3903d8cd - Path: Packages/com.unity.ide.visualstudio/package.json - Importer: PreviewImporter' with importer (PreviewImporter)
Imported 'GUID: 656f74f6edaa396458412b9e3903d8cd' -> (Import Result ID: 'eff329f143de396a9ec94c094c3d818e') in 0.059 seconds [static and dynamic dependencies]. Details - ImportResultOutputID=81e372765cb13e2e02b95ba1757fe5aa DependenciesID=0ed562a88655eba93f1848f5d2bae1bf StaticDependenciesID=cd2eec7f79a863e1a3dcd8a25aada5c1 
Number of updated asset objects reloaded before import = 0
Number of asset objects unloaded after import = 1
========================================================================
Received Prepare
AcceleratorClientConnectionCallback - disconnected - :0
Refreshing native plugins compatible for Editor in 5.96 ms, found 4 plugins.
Unloading 22 Unused Serialized files (Serialized files now loaded: 0)
Unloading 22 unused Assets / (2.6 MB). Loaded Objects now: 7248.
Memory consumption went from 310.0 MB to 307.4 MB.
Total: 25.235500 ms (FindLiveObjects: 1.341200 ms CreateObjectMapping: 1.936600 ms MarkObjects: 20.960200 ms  DeleteObjects: 0.994500 ms)

Prepare: number of updated asset objects reloaded= 0
========================================================================
Received Import Request.
  Time of request: 2026-07-23T09:35:27.5999436Z
  Time since last request: 476.0066976 seconds.
  importAddress: GUID: c151b9196f5608e4cad6509a7c99a254 - Path: Assets/New Material.mat - Importer: ScriptedImporter/UnityEditor.QuickSearchModule:UnityEditor.Search:ASIAI0B
Importing 'GUID: c151b9196f5608e4cad6509a7c99a254 - Path: Assets/New Material.mat - Importer: ScriptedImporter/UnityEditor.QuickSearchModule:UnityEditor.Search:ASIAI0B' with importer (ScriptedImporter : UnityEditor.QuickSearchModule:UnityEditor.Search:ASIAI0B)
Imported 'GUID: c151b9196f5608e4cad6509a7c99a254' -> (Import Result ID: '18b1d1cc8552ed4f206e9f81a1464c7b') in 0.338 seconds [static and dynamic dependencies]. Details - ImportResultOutputID=7335a902952f437187ba720df5589889 DependenciesID=681307988faeeaee7c8d325d4a7747ae StaticDependenciesID=69b3e17c2afce266cc450c4aa3bc57f1 
Number of updated asset objects reloaded before import = 0
Number of asset objects unloaded after import = 2
========================================================================
Received Import Request.
  Time of request: 2026-07-23T09:35:44.7495191Z
  Time since last request: 16.7747766 seconds.
  importAddress: GUID: c151b9196f5608e4cad6509a7c99a254 - Path: Assets/Colore.mat - Importer: PreviewImporter
Importing 'GUID: c151b9196f5608e4cad6509a7c99a254 - Path: Assets/Colore.mat - Importer: PreviewImporter' with importer (PreviewImporter)
Imported 'GUID: c151b9196f5608e4cad6509a7c99a254' -> (Import Result ID: 'f4bfb92fbd47ab25d7bcb9b3884f06b7') in 4.954 seconds [static and dynamic dependencies]. Details - ImportResultOutputID=140cd9d1da296ea14a9101389164d26e DependenciesID=d5fe5578caa639358d6239b4605653b7 StaticDependenciesID=86011778f91a23e44085bee0209cf1c4 
Number of updated asset objects reloaded before import = 0
Number of asset objects unloaded after import = 3
========================================================================
Received Prepare
AcceleratorClientConnectionCallback - disconnected - :0
Unloading 22 Unused Serialized files (Serialized files now loaded: 0)
Unloading 22 unused Assets / (2.6 MB). Loaded Objects now: 7401.
Memory consumption went from 327.8 MB to 325.2 MB.
Total: 14.853900 ms (FindLiveObjects: 0.473500 ms CreateObjectMapping: 0.992500 ms MarkObjects: 12.482700 ms  DeleteObjects: 0.901900 ms)

Prepare: number of updated asset objects reloaded= 0
========================================================================
Received Import Request.
  Time of request: 2026-07-23T09:53:58.0972167Z
  Time since last request: 1088.3712951 seconds.
  importAddress: GUID: c151b9196f5608e4cad6509a7c99a254 - Path: Assets/Colore.mat - Importer: PreviewImporter
Importing 'GUID: c151b9196f5608e4cad6509a7c99a254 - Path: Assets/Colore.mat - Importer: PreviewImporter' with importer (PreviewImporter)
Imported 'GUID: c151b9196f5608e4cad6509a7c99a254' -> (Import Result ID: '5b88729b8eaf69afb2692f3389d0f7b2') in 0.029 seconds [static and dynamic dependencies]. Details - ImportResultOutputID=af0ef44ed6b1d20a554a48dd6ba314cd DependenciesID=a9a6cf2e79bfa76dae097cc04fd4df10 StaticDependenciesID=a2002ba677a2eae62e238b042a1f6765 
Number of updated asset objects reloaded before import = 0
Number of asset objects unloaded after import = 2
========================================================================
Received Import Request.
  Time of request: 2026-07-23T09:53:58.870189Z
  Time since last request: 0.7300035 seconds.
  importAddress: GUID: c151b9196f5608e4cad6509a7c99a254 - Path: Assets/Colore.mat - Importer: ScriptedImporter/UnityEditor.QuickSearchModule:UnityEditor.Search:ASIAI0B
Importing 'GUID: c151b9196f5608e4cad6509a7c99a254 - Path: Assets/Colore.mat - Importer: ScriptedImporter/UnityEditor.QuickSearchModule:UnityEditor.Search:ASIAI0B' with importer (ScriptedImporter : UnityEditor.QuickSearchModule:UnityEditor.Search:ASIAI0B)
Imported 'GUID: c151b9196f5608e4cad6509a7c99a254' -> (Import Result ID: '41fcdc371f32ca847d0891b841259f99') in 0.008 seconds [static and dynamic dependencies]. Details - ImportResultOutputID=4b6d276a33cd6ccfd2b45e1b129fb0b9 DependenciesID=65bb5235f96928f0bad401b71dbfe369 StaticDependenciesID=bb8352b5066355118f973d08c8200eae 
Number of updated asset objects reloaded before import = 0
Number of asset objects unloaded after import = 2
========================================================================
Received Prepare
AcceleratorClientConnectionCallback - disconnected - :0
Refreshing native plugins compatible for Editor in 6.29 ms, found 4 plugins.
Unloading 22 Unused Serialized files (Serialized files now loaded: 0)
Unloading 22 unused Assets / (2.6 MB). Loaded Objects now: 7401.
Memory consumption went from 327.8 MB to 325.2 MB.
Total: 14.252700 ms (FindLiveObjects: 0.638500 ms CreateObjectMapping: 2.180900 ms MarkObjects: 10.899000 ms  DeleteObjects: 0.531500 ms)

Prepare: number of updated asset objects reloaded= 0
========================================================================
Received Import Request.
  Time of request: 2026-07-23T09:59:21.5058339Z
  Time since last request: 322.59475600000002 seconds.
  importAddress: GUID: f1662a67081a03840b815f8baa8a9a8c - Path: Assets/New Material.mat - Importer: PreviewImporter
Importing 'GUID: f1662a67081a03840b815f8baa8a9a8c - Path: Assets/New Material.mat - Importer: PreviewImporter' with importer (PreviewImporter)
Imported 'GUID: f1662a67081a03840b815f8baa8a9a8c' -> (Import Result ID: '83b39feb112e252c03bf4767a05a5d2e') in 0.021 seconds [static and dynamic dependencies]. Details - ImportResultOutputID=933114af4605af1ae2f89d3649dd56e8 DependenciesID=17838cb8d49fe68ed3dc04855aa50557 StaticDependenciesID=90054437eaa1a8c1cc93f5757cb5bef2 
Number of updated asset objects reloaded before import = 0
Number of asset objects unloaded after import = 2
========================================================================
Received Import Request.
  Time of request: 2026-07-23T09:59:22.2553732Z
  Time since last request: 0.7157092 seconds.
  importAddress: GUID: 50687876af8193044bc91efa01e51b36 - Path: Assets/New Material 1.mat - Importer: ScriptedImporter/UnityEditor.QuickSearchModule:UnityEditor.Search:ASIAI0B
Importing 'GUID: 50687876af8193044bc91efa01e51b36 - Path: Assets/New Material 1.mat - Importer: ScriptedImporter/UnityEditor.QuickSearchModule:UnityEditor.Search:ASIAI0B' with importer (ScriptedImporter : UnityEditor.QuickSearchModule:UnityEditor.Search:ASIAI0B)
Imported 'GUID: 50687876af8193044bc91efa01e51b36' -> (Import Result ID: 'e5fa2f200d09f746544545e53b262088') in 0.013 seconds [static and dynamic dependencies]. Details - ImportResultOutputID=6ce5351092065b7d08e9c25d62399b7a DependenciesID=251375baded313a7965291d14362b747 StaticDependenciesID=3edc94a65becb30799c7c9c5fe43b492 
Number of updated asset objects reloaded before import = 0
Number of asset objects unloaded after import = 2
========================================================================
Received Prepare
AcceleratorClientConnectionCallback - disconnected - :0
Refreshing native plugins compatible for Editor in 3.50 ms, found 4 plugins.
Unloading 22 Unused Serialized files (Serialized files now loaded: 0)
Unloading 22 unused Assets / (2.6 MB). Loaded Objects now: 7401.
Memory consumption went from 327.9 MB to 325.2 MB.
Total: 18.024000 ms (FindLiveObjects: 0.769100 ms CreateObjectMapping: 2.302000 ms MarkObjects: 14.543400 ms  DeleteObjects: 0.407000 ms)

Prepare: number of updated asset objects reloaded= 0
========================================================================
Received Import Request.
  Time of request: 2026-07-23T10:04:26.5354983Z
  Time since last request: 304.2515573 seconds.
  importAddress: GUID: 4230a685c201bb046b89d9e276f8070e - Path: Assets/New Material 2.mat - Importer: PreviewImporter
Importing 'GUID: 4230a685c201bb046b89d9e276f8070e - Path: Assets/New Material 2.mat - Importer: PreviewImporter' with importer (PreviewImporter)
Imported 'GUID: 4230a685c201bb046b89d9e276f8070e' -> (Import Result ID: '0c1b89e171dd674ef6edf1557793dc57') in 0.037 seconds [static and dynamic dependencies]. Details - ImportResultOutputID=3995a0e8cabcdb6ba8f21c31a3664ab9 DependenciesID=c46df6fe264772e4add2558779741258 StaticDependenciesID=51ad9e3a0b7241556305a859455c7015 
Number of updated asset objects reloaded before import = 0
Number of asset objects unloaded after import = 2
========================================================================
Received Import Request.
  Time of request: 2026-07-23T10:04:27.268894Z
  Time since last request: 0.6793915 seconds.
  importAddress: GUID: 50687876af8193044bc91efa01e51b36 - Path: Assets/New Material 1.mat - Importer: ScriptedImporter/UnityEditor.QuickSearchModule:UnityEditor.Search:ASIAI0B
Importing 'GUID: 50687876af8193044bc91efa01e51b36 - Path: Assets/New Material 1.mat - Importer: ScriptedImporter/UnityEditor.QuickSearchModule:UnityEditor.Search:ASIAI0B' with importer (ScriptedImporter : UnityEditor.QuickSearchModule:UnityEditor.Search:ASIAI0B)
Imported 'GUID: 50687876af8193044bc91efa01e51b36' -> (Import Result ID: '183e96e10430f6cc9f2f791e51b438ac') in 0.041 seconds [static and dynamic dependencies]. Details - ImportResultOutputID=c1fcf46366fd47591f51b2752b0ec7ce DependenciesID=50128a267d39e4244f0a65aceb15b146 StaticDependenciesID=439c209fac5b072374f35bfc6016ee4e 
Number of updated asset objects reloaded before import = 0
Number of asset objects unloaded after import = 2
========================================================================
Received Prepare
AcceleratorClientConnectionCallback - disconnected - :0
Refreshing native plugins compatible for Editor in 4.91 ms, found 4 plugins.
Unloading 22 Unused Serialized files (Serialized files now loaded: 0)
Unloading 22 unused Assets / (2.6 MB). Loaded Objects now: 7401.
Memory consumption went from 327.9 MB to 325.2 MB.
Total: 16.398800 ms (FindLiveObjects: 0.522800 ms CreateObjectMapping: 1.739200 ms MarkObjects: 13.523000 ms  DeleteObjects: 0.611500 ms)

Prepare: number of updated asset objects reloaded= 0
========================================================================
Received Import Request.
  Time of request: 2026-07-23T10:05:24.5081215Z
  Time since last request: 57.1812173 seconds.
  importAddress: GUID: 0845f4fa5f63293418b28aeaa0b149a5 - Path: Assets/Material - Importer: ScriptedImporter/UnityEditor.QuickSearchModule:UnityEditor.Search:ASIAI0B
Importing 'GUID: 0845f4fa5f63293418b28aeaa0b149a5 - Path: Assets/Material - Importer: ScriptedImporter/UnityEditor.QuickSearchModule:UnityEditor.Search:ASIAI0B' with importer (ScriptedImporter : UnityEditor.QuickSearchModule:UnityEditor.Search:ASIAI0B)
Imported 'GUID: 0845f4fa5f63293418b28aeaa0b149a5' -> (Import Result ID: 'd0712eb23dc618ae50738bd12a2cc3f4') in 0.010 seconds [static and dynamic dependencies]. Details - ImportResultOutputID=826316493daa94b6bbf78aee9cb7c29f DependenciesID=11ec26259504ef865d2a46270eacc196 StaticDependenciesID=408ee43ca674a239ff1dc8006a63586c 
Number of updated asset objects reloaded before import = 0
Number of asset objects unloaded after import = 1
========================================================================
Received Import Request.
  Time of request: 2026-07-23T10:05:32.299897Z
  Time since last request: 7.7579934 seconds.
  importAddress: GUID: 50687876af8193044bc91efa01e51b36 - Path: Assets/Material/New Material 1.mat - Importer: ScriptedImporter/UnityEditor.QuickSearchModule:UnityEditor.Search:ASIAI0B
Importing 'GUID: 50687876af8193044bc91efa01e51b36 - Path: Assets/Material/New Material 1.mat - Importer: ScriptedImporter/UnityEditor.QuickSearchModule:UnityEditor.Search:ASIAI0B' with importer (ScriptedImporter : UnityEditor.QuickSearchModule:UnityEditor.Search:ASIAI0B)
Imported 'GUID: 50687876af8193044bc91efa01e51b36' -> (Import Result ID: '1f55c6a8cbd66b2317444b0720c17907') in 0.033 seconds [static and dynamic dependencies]. Details - ImportResultOutputID=42ac0ce14771d56f1df942e5316ad582 DependenciesID=453d6f68d0a20eda2f746537be475125 StaticDependenciesID=439c209fac5b072374f35bfc6016ee4e 
Number of updated asset objects reloaded before import = 0
Number of asset objects unloaded after import = 2
========================================================================
Received Import Request.
  Time of request: 2026-07-23T10:05:32.3665226Z
  Time since last request: 0.000438 seconds.
  importAddress: GUID: 4230a685c201bb046b89d9e276f8070e - Path: Assets/Material/New Material 2.mat - Importer: ScriptedImporter/UnityEditor.QuickSearchModule:UnityEditor.Search:ASIAI0B
Importing 'GUID: 4230a685c201bb046b89d9e276f8070e - Path: Assets/Material/New Material 2.mat - Importer: ScriptedImporter/UnityEditor.QuickSearchModule:UnityEditor.Search:ASIAI0B' with importer (ScriptedImporter : UnityEditor.QuickSearchModule:UnityEditor.Search:ASIAI0B)
Imported 'GUID: 4230a685c201bb046b89d9e276f8070e' -> (Import Result ID: 'd397dee1170e5d549f04f424f408038b') in 0.016 seconds [static and dynamic dependencies]. Details - ImportResultOutputID=f7e4a8e21eb2f5ffe7bde260571142ed DependenciesID=eedf40bbce0773a17b9b92d5361703b8 StaticDependenciesID=801367cf93168d10f3e8bb3a9782d5b0 
Number of updated asset objects reloaded before import = 0
Number of asset objects unloaded after import = 2
========================================================================
Received Import Request.
  Time of request: 2026-07-23T10:05:35.7105057Z
  Time since last request: 3.3098618 seconds.
  importAddress: GUID: 99c9720ab356a0642a771bea13969a05 - Path: Assets/Scenes/SampleScene.unity - Importer: ScriptedImporter/UnityEditor.QuickSearchModule:UnityEditor.Search:ASIAI0B
Importing 'GUID: 99c9720ab356a0642a771bea13969a05 - Path: Assets/Scenes/SampleScene.unity - Importer: ScriptedImporter/UnityEditor.QuickSearchModule:UnityEditor.Search:ASIAI0B' with importer (ScriptedImporter : UnityEditor.QuickSearchModule:UnityEditor.Search:ASIAI0B)
Imported 'GUID: 99c9720ab356a0642a771bea13969a05' -> (Import Result ID: '95ae54399dd9d5390c848aae380f2602') in 0.010 seconds [static and dynamic dependencies]. Details - ImportResultOutputID=5bf4ef3c9bfd90f56b48a6c01e357898 DependenciesID=eb6431da34e157232b31f83fd3547bc6 StaticDependenciesID=704136b135cb397207645050f2ce58da 
Number of updated asset objects reloaded before import = 0
Number of asset objects unloaded after import = 1
========================================================================
Received Import Request.
  Time of request: 2026-07-23T10:06:15.9495914Z
  Time since last request: 40.2108184 seconds.
  importAddress: GUID: 4230a685c201bb046b89d9e276f8070e - Path: Assets/Material/New Material 2.mat - Importer: PreviewImporter
Importing 'GUID: 4230a685c201bb046b89d9e276f8070e - Path: Assets/Material/New Material 2.mat - Importer: PreviewImporter' with importer (PreviewImporter)
Imported 'GUID: 4230a685c201bb046b89d9e276f8070e' -> (Import Result ID: 'f44d275b3d478cb574495a9a6545b6e1') in 0.047 seconds [static and dynamic dependencies]. Details - ImportResultOutputID=a680432ad7db195f3a80b76502e4cee6 DependenciesID=4201eb3168635a4db5fbe0351534ee5a StaticDependenciesID=42d68d2c0827e845bb2927b703dc9a71 
Number of updated asset objects reloaded before import = 0
Number of asset objects unloaded after import = 2
========================================================================
Received Import Request.
  Time of request: 2026-07-23T10:07:14.160671Z
  Time since last request: 58.1447212 seconds.
  importAddress: GUID: 4230a685c201bb046b89d9e276f8070e - Path: Assets/Material/New Material 2.mat - Importer: PreviewImporter
Importing 'GUID: 4230a685c201bb046b89d9e276f8070e - Path: Assets/Material/New Material 2.mat - Importer: PreviewImporter' with importer (PreviewImporter)
Imported 'GUID: 4230a685c201bb046b89d9e276f8070e' -> (Import Result ID: 'bef76aaa10212b848bd2f1177eb8aac6') in 0.039 seconds [static and dynamic dependencies]. Details - ImportResultOutputID=27a9858bcb58d098831f62c27322cf37 DependenciesID=c0a9fa75d149513a6eb4c9fd889e16cb StaticDependenciesID=709d523974744c0b310a449b2b7fe0d0 
Number of updated asset objects reloaded before import = 0
Number of asset objects unloaded after import = 2
========================================================================
Received Import Request.
  Time of request: 2026-07-23T10:07:15.1203585Z
  Time since last request: 0.8967446 seconds.
  importAddress: GUID: cda3034605a165c4ea4b4eabc3859444 - Path: Assets/Material/New Material 3.mat - Importer: ScriptedImporter/UnityEditor.QuickSearchModule:UnityEditor.Search:ASIAI0B
Importing 'GUID: cda3034605a165c4ea4b4eabc3859444 - Path: Assets/Material/New Material 3.mat - Importer: ScriptedImporter/UnityEditor.QuickSearchModule:UnityEditor.Search:ASIAI0B' with importer (ScriptedImporter : UnityEditor.QuickSearchModule:UnityEditor.Search:ASIAI0B)
Imported 'GUID: cda3034605a165c4ea4b4eabc3859444' -> (Import Result ID: '536cfa15b0c9c78f34c758a47af23bd4') in 0.044 seconds [static and dynamic dependencies]. Details - ImportResultOutputID=f5848739a9c96eae8972d2e5c81f4173 DependenciesID=c65c42debfd1e2d8e0ebfd1e64d0cd82 StaticDependenciesID=d459c8b6d903b27ae6a33db98a1c5840 
Number of updated asset objects reloaded before import = 0
Number of asset objects unloaded after import = 2
========================================================================
Received Prepare
AcceleratorClientConnectionCallback - disconnected - :0
Refreshing native plugins compatible for Editor in 4.35 ms, found 4 plugins.
Unloading 22 Unused Serialized files (Serialized files now loaded: 0)
Unloading 22 unused Assets / (2.6 MB). Loaded Objects now: 7401.
Memory consumption went from 327.9 MB to 325.3 MB.
Total: 14.192900 ms (FindLiveObjects: 0.866300 ms CreateObjectMapping: 0.914500 ms MarkObjects: 11.299300 ms  DeleteObjects: 1.110200 ms)

Prepare: number of updated asset objects reloaded= 0
========================================================================
Received Import Request.
  Time of request: 2026-07-23T10:11:27.771809Z
  Time since last request: 252.5648577 seconds.
  importAddress: GUID: cda3034605a165c4ea4b4eabc3859444 - Path: Assets/Material/New Material 3.mat - Importer: PreviewImporter
Importing 'GUID: cda3034605a165c4ea4b4eabc3859444 - Path: Assets/Material/New Material 3.mat - Importer: PreviewImporter' with importer (PreviewImporter)
Imported 'GUID: cda3034605a165c4ea4b4eabc3859444' -> (Import Result ID: '86c8bdbe65683bce1bcae5625bc24ee5') in 0.024 seconds [static and dynamic dependencies]. Details - ImportResultOutputID=f7b7ef3a43a5b3c4fa537d04d1f5e461 DependenciesID=54c2ccd280cca22c5cc02f276b70ba9a StaticDependenciesID=1911b195c68e34903ffffca90db0b969 
Number of updated asset objects reloaded before import = 0
Number of asset objects unloaded after import = 2
========================================================================
Received Import Request.
  Time of request: 2026-07-23T10:11:33.966743Z
  Time since last request: 6.156677 seconds.
  importAddress: GUID: 99c9720ab356a0642a771bea13969a05 - Path: Assets/Scenes/SampleScene.unity - Importer: ScriptedImporter/UnityEditor.QuickSearchModule:UnityEditor.Search:ASIAI0B
Importing 'GUID: 99c9720ab356a0642a771bea13969a05 - Path: Assets/Scenes/SampleScene.unity - Importer: ScriptedImporter/UnityEditor.QuickSearchModule:UnityEditor.Search:ASIAI0B' with importer (ScriptedImporter : UnityEditor.QuickSearchModule:UnityEditor.Search:ASIAI0B)
Imported 'GUID: 99c9720ab356a0642a771bea13969a05' -> (Import Result ID: 'f6086e873a6ad86a1c3fa2fa2d03f663') in 0.039 seconds [static and dynamic dependencies]. Details - ImportResultOutputID=b2cb6005837f55fe6bc52706aed457f6 DependenciesID=857d2271dbc3b78700eda653762afee3 StaticDependenciesID=3fc5d2954f77e76ee42c0440f172f176 
Number of updated asset objects reloaded before import = 0
Number of asset objects unloaded after import = 1
========================================================================
Received Import Request.
  Time of request: 2026-07-23T10:16:54.2533586Z
  Time since last request: 320.17266740000002 seconds.
  importAddress: GUID: bae1d8ba7b2a68642b651a6eb09f7cf3 - Path: Assets/Script - Importer: PreviewImporter
Importing 'GUID: bae1d8ba7b2a68642b651a6eb09f7cf3 - Path: Assets/Script - Importer: PreviewImporter' with importer (PreviewImporter)
Imported 'GUID: bae1d8ba7b2a68642b651a6eb09f7cf3' -> (Import Result ID: '2a589cf7dfd3f3820596cd76513f144f') in 0.002 seconds [static and dynamic dependencies]. Details - ImportResultOutputID=ea63258a2602f02f021f1e0fe5d009a8 DependenciesID=d657b5ef79dbf9a9950b870acd4a2e99 StaticDependenciesID=1a7f832e8fab4b105104c17e5689021e 
Number of updated asset objects reloaded before import = 0
Number of asset objects unloaded after import = 0
========================================================================
Received Import Request.
  Time of request: 2026-07-23T10:16:55.2084106Z
  Time since last request: 0.9325121 seconds.
  importAddress: GUID: bae1d8ba7b2a68642b651a6eb09f7cf3 - Path: Assets/Script - Importer: ScriptedImporter/UnityEditor.QuickSearchModule:UnityEditor.Search:ASIAI0B
Importing 'GUID: bae1d8ba7b2a68642b651a6eb09f7cf3 - Path: Assets/Script - Importer: ScriptedImporter/UnityEditor.QuickSearchModule:UnityEditor.Search:ASIAI0B' with importer (ScriptedImporter : UnityEditor.QuickSearchModule:UnityEditor.Search:ASIAI0B)
Imported 'GUID: bae1d8ba7b2a68642b651a6eb09f7cf3' -> (Import Result ID: '90334f8386c9aca5476cbc33dd3f97e2') in 0.013 seconds [static and dynamic dependencies]. Details - ImportResultOutputID=38f4eec6163f8ddb752a21ce28255a9b DependenciesID=0b3c3c5014cda4c117f88501591bcb51 StaticDependenciesID=aee9aacad3505316409b713920209245 
Number of updated asset objects reloaded before import = 0
Number of asset objects unloaded after import = 1
========================================================================
Received Import Request.
  Time of request: 2026-07-23T10:17:08.8665405Z
  Time since last request: 13.6058411 seconds.
  importAddress: GUID: ba062aa6c92b140379dbc06b43dd3b9b - Path: Assets/TutorialInfo - Importer: PreviewImporter
Importing 'GUID: ba062aa6c92b140379dbc06b43dd3b9b - Path: Assets/TutorialInfo - Importer: PreviewImporter' with importer (PreviewImporter)
Imported 'GUID: ba062aa6c92b140379dbc06b43dd3b9b' -> (Import Result ID: '14b74248b7fa70612bb5d496e5a25f72') in 0.001 seconds [static and dynamic dependencies]. Details - ImportResultOutputID=41de92fb64cd56a0a6545e191bc37612 DependenciesID=702fb2e7c80be9c75676339f6fec658c StaticDependenciesID=e7efb31b11f90ec6e76c0144cb177db2 
Number of updated asset objects reloaded before import = 0
Number of asset objects unloaded after import = 0
========================================================================
Received Prepare
AcceleratorClientConnectionCallback - disconnected - :0
Refreshing native plugins compatible for Editor in 4.45 ms, found 4 plugins.
Unloading 22 Unused Serialized files (Serialized files now loaded: 0)
Unloading 6412 unused Assets / (5.9 MB). Loaded Objects now: 7402.
Memory consumption went from 332.7 MB to 326.8 MB.
Total: 27.339200 ms (FindLiveObjects: 1.279500 ms CreateObjectMapping: 3.799200 ms MarkObjects: 18.341800 ms  DeleteObjects: 3.916800 ms)

Prepare: number of updated asset objects reloaded= 0
========================================================================
Received Import Request.
  Time of request: 2026-07-23T10:20:40.9821067Z
  Time since last request: 212.08910610000001 seconds.
  importAddress: GUID: 351ba0aabb9dbf34dbf1bb707a02c06e - Path: Assets/Script/PrimoScriptProva.cs - Importer: ScriptedImporter/UnityEditor.QuickSearchModule:UnityEditor.Search:ASIAI0B
Importing 'GUID: 351ba0aabb9dbf34dbf1bb707a02c06e - Path: Assets/Script/PrimoScriptProva.cs - Importer: ScriptedImporter/UnityEditor.QuickSearchModule:UnityEditor.Search:ASIAI0B' with importer (ScriptedImporter : UnityEditor.QuickSearchModule:UnityEditor.Search:ASIAI0B)
Imported 'GUID: 351ba0aabb9dbf34dbf1bb707a02c06e' -> (Import Result ID: '2ce7cf287345bcde05c7d52b9e76900a') in 0.053 seconds [static and dynamic dependencies]. Details - ImportResultOutputID=efc8137a5e8ea6867037b1817e133dcb DependenciesID=8890aa9ac215390ce3a4964dc2ad2c01 StaticDependenciesID=b794c4add47468cc9d4fa99fc07040a6 
Number of updated asset objects reloaded before import = 0
Number of asset objects unloaded after import = 0
========================================================================
Received Prepare
AcceleratorClientConnectionCallback - disconnected - :0
[Licensing::Client] Successfully resolved entitlement details
Begin MonoManager ReloadAssembly
Native extension for WindowsStandalone target not found
Native extension for WebGL target not found
[Package Manager] Failed to launch server process. Reason: Unity was launched with the -noUpm command-line argument
[Package Manager] Unable to send message (not connected to server process).
[Package Manager] Cannot connect to Unity Package Manager local server
[Package Manager] Failed to launch server process. Reason: Unity was launched with the -noUpm command-line argument
[Package Manager] Unable to send message (not connected to server process).
[Package Manager] Cannot connect to Unity Package Manager local server
ScheduleIndexationOnStartup MainProcess:False IndexOnStartup:True
Mono: successfully reloaded assembly
- Finished resetting the current domain, in  1.418 seconds
Domain Reload Profiling: 3358ms
	BeginReloadAssembly (575ms)
		DisableScriptedObjects (56ms)
		CreateAndSetChildDomain (177ms)
	RebuildCommonClasses (9ms)
	RebuildNativeTypeToScriptingClass (33ms)
	initialDomainReloadingComplete (113ms)
	LoadAllAssembliesAndSetupDomain (1209ms)
		LoadAssemblies (841ms)
		AnalyzeDomain (396ms)
			TypeCache.Refresh (21ms)
			BuildScriptInfoCaches (351ms)
			ResolveRequiredComponents (18ms)
	FinalizeReload (1419ms)
		SetupLoadedEditorAssemblies (0ms)
			InitializePlatformSupportModulesInManaged (3ms)
			BeforeProcessingInitializeOnLoad (164ms)
			ProcessInitializeOnLoadAttributes (480ms)
			ProcessInitializeOnLoadMethodAttributes (217ms)
			AfterProcessingInitializeOnLoad (13ms)
		AwakeInstancesAfterBackupRestoration (25ms)
Refreshing native plugins compatible for Editor in 3.14 ms, found 4 plugins.
Unloading 22 Unused Serialized files (Serialized files now loaded: 0)
Unloading 6423 unused Assets / (5.1 MB). Loaded Objects now: 7357.
Memory consumption went from 332.9 MB to 327.8 MB.
Total: 16.480700 ms (FindLiveObjects: 2.015700 ms CreateObjectMapping: 5.048900 ms MarkObjects: 6.311800 ms  DeleteObjects: 3.101400 ms)

Prepare: number of updated asset objects reloaded= 0
========================================================================
Received Prepare
AcceleratorClientConnectionCallback - disconnected - :0
Refreshing native plugins compatible for Editor in 7.53 ms, found 4 plugins.
Unloading 22 Unused Serialized files (Serialized files now loaded: 0)
Unloading 6413 unused Assets / (5.5 MB). Loaded Objects now: 7358.
Memory consumption went from 334.8 MB to 329.4 MB.
Total: 28.234200 ms (FindLiveObjects: 1.889200 ms CreateObjectMapping: 7.834200 ms MarkObjects: 13.530400 ms  DeleteObjects: 4.977300 ms)

Prepare: number of updated asset objects reloaded= 0
========================================================================
Received Import Request.
  Time of request: 2026-07-23T10:26:23.4238595Z
  Time since last request: 342.370698 seconds.
  importAddress: GUID: d80623345bc37974bbb49a0c45bbc46d - Path: Assets/Script/NewMonoBehaviourScript.cs - Importer: ScriptedImporter/UnityEditor.QuickSearchModule:UnityEditor.Search:ASIAI0B
Importing 'GUID: d80623345bc37974bbb49a0c45bbc46d - Path: Assets/Script/NewMonoBehaviourScript.cs - Importer: ScriptedImporter/UnityEditor.QuickSearchModule:UnityEditor.Search:ASIAI0B' with importer (ScriptedImporter : UnityEditor.QuickSearchModule:UnityEditor.Search:ASIAI0B)
Imported 'GUID: d80623345bc37974bbb49a0c45bbc46d' -> (Import Result ID: '7aa9944b56102360c134a935d2a4ba90') in 0.161 seconds [static and dynamic dependencies]. Details - ImportResultOutputID=2d73d7638e5003abc6ec342d3a3eb70f DependenciesID=97636218ee4c5312ce3886e4a711b2da StaticDependenciesID=a62ef9d1a1f0ae35b49359886616424d 
Number of updated asset objects reloaded before import = 0
Number of asset objects unloaded after import = 0
========================================================================
Received Prepare
AcceleratorClientConnectionCallback - disconnected - :0
[Licensing::Client] Successfully resolved entitlement details
Begin MonoManager ReloadAssembly
Native extension for WindowsStandalone target not found
Native extension for WebGL target not found
[Package Manager] Failed to launch server process. Reason: Unity was launched with the -noUpm command-line argument
[Package Manager] Unable to send message (not connected to server process).
[Package Manager] Cannot connect to Unity Package Manager local server
[Package Manager] Failed to launch server process. Reason: Unity was launched with the -noUpm command-line argument
[Package Manager] Unable to send message (not connected to server process).
[Package Manager] Cannot connect to Unity Package Manager local server
ScheduleIndexationOnStartup MainProcess:False IndexOnStartup:True
Mono: successfully reloaded assembly
- Finished resetting the current domain, in  1.339 seconds
Domain Reload Profiling: 3465ms
	BeginReloadAssembly (418ms)
		DisableScriptedObjects (12ms)
		CreateAndSetChildDomain (90ms)
	RebuildCommonClasses (24ms)
	RebuildNativeTypeToScriptingClass (42ms)
	initialDomainReloadingComplete (169ms)
	LoadAllAssembliesAndSetupDomain (1473ms)
		LoadAssemblies (824ms)
		AnalyzeDomain (521ms)
			TypeCache.Refresh (28ms)
			BuildScriptInfoCaches (471ms)
			ResolveRequiredComponents (18ms)
	FinalizeReload (1340ms)
		SetupLoadedEditorAssemblies (0ms)
			InitializePlatformSupportModulesInManaged (5ms)
			BeforeProcessingInitializeOnLoad (183ms)
			ProcessInitializeOnLoadAttributes (539ms)
			ProcessInitializeOnLoadMethodAttributes (218ms)
			AfterProcessingInitializeOnLoad (5ms)
		AwakeInstancesAfterBackupRestoration (29ms)
Refreshing native plugins compatible for Editor in 3.55 ms, found 4 plugins.
Unloading 22 Unused Serialized files (Serialized files now loaded: 0)
Unloading 6424 unused Assets / (5.9 MB). Loaded Objects now: 7361.
Memory consumption went from 334.4 MB to 328.6 MB.
Total: 21.022700 ms (FindLiveObjects: 1.352500 ms CreateObjectMapping: 4.869700 ms MarkObjects: 9.058100 ms  DeleteObjects: 5.739400 ms)

Prepare: number of updated asset objects reloaded= 0
========================================================================
Received Prepare
AcceleratorClientConnectionCallback - disconnected - :0
Refreshing native plugins compatible for Editor in 2.00 ms, found 4 plugins.
Unloading 22 Unused Serialized files (Serialized files now loaded: 0)
Unloading 6412 unused Assets / (3.8 MB). Loaded Objects now: 7360.
Memory consumption went from 336.5 MB to 332.7 MB.
Total: 23.441300 ms (FindLiveObjects: 1.865500 ms CreateObjectMapping: 6.403200 ms MarkObjects: 11.179300 ms  DeleteObjects: 3.990800 ms)

Prepare: number of updated asset objects reloaded= 0
========================================================================
Received Prepare
AcceleratorClientConnectionCallback - disconnected - :0
Begin MonoManager ReloadAssembly
Refreshing native plugins compatible for Editor in 3.60 ms, found 4 plugins.
Native extension for WindowsStandalone target not found
Native extension for WebGL target not found
[Package Manager] Failed to launch server process. Reason: Unity was launched with the -noUpm command-line argument
[Package Manager] Unable to send message (not connected to server process).
[Package Manager] Cannot connect to Unity Package Manager local server
[Package Manager] Failed to launch server process. Reason: Unity was launched with the -noUpm command-line argument
[Package Manager] Unable to send message (not connected to server process).
[Package Manager] Cannot connect to Unity Package Manager local server
ScheduleIndexationOnStartup MainProcess:False IndexOnStartup:True
Mono: successfully reloaded assembly
- Finished resetting the current domain, in  1.821 seconds
Domain Reload Profiling: 4274ms
	BeginReloadAssembly (503ms)
		DisableScriptedObjects (15ms)
		CreateAndSetChildDomain (114ms)
	RebuildCommonClasses (22ms)
	RebuildNativeTypeToScriptingClass (39ms)
	initialDomainReloadingComplete (197ms)
	LoadAllAssembliesAndSetupDomain (1688ms)
		LoadAssemblies (921ms)
		AnalyzeDomain (629ms)
			TypeCache.Refresh (25ms)
			BuildScriptInfoCaches (574ms)
			ResolveRequiredComponents (26ms)
	FinalizeReload (1824ms)
		SetupLoadedEditorAssemblies (0ms)
			InitializePlatformSupportModulesInManaged (6ms)
			BeforeProcessingInitializeOnLoad (214ms)
			ProcessInitializeOnLoadAttributes (716ms)
			ProcessInitializeOnLoadMethodAttributes (338ms)
			AfterProcessingInitializeOnLoad (16ms)
		AwakeInstancesAfterBackupRestoration (45ms)
Refreshing native plugins compatible for Editor in 4.45 ms, found 4 plugins.
Unloading 22 Unused Serialized files (Serialized files now loaded: 0)
Unloading 6423 unused Assets / (5.4 MB). Loaded Objects now: 7363.
Memory consumption went from 338.4 MB to 333.0 MB.
Total: 16.412300 ms (FindLiveObjects: 0.825000 ms CreateObjectMapping: 2.869400 ms MarkObjects: 8.972300 ms  DeleteObjects: 3.742300 ms)

Prepare: number of updated asset objects reloaded= 0
========================================================================
Received Prepare
AcceleratorClientConnectionCallback - disconnected - :0
Refreshing native plugins compatible for Editor in 3.40 ms, found 4 plugins.
Unloading 22 Unused Serialized files (Serialized files now loaded: 0)
Unloading 6413 unused Assets / (4.5 MB). Loaded Objects now: 7364.
Memory consumption went from 340.5 MB to 336.0 MB.
Total: 15.927100 ms (FindLiveObjects: 1.161500 ms CreateObjectMapping: 3.604100 ms MarkObjects: 8.752700 ms  DeleteObjects: 2.406700 ms)

Prepare: number of updated asset objects reloaded= 0
========================================================================
Received Import Request.
  Time of request: 2026-07-23T10:27:05.5005997Z
  Time since last request: 41.8759465 seconds.
  importAddress: GUID: 96f7157dfdf71e941902df0a6cba66dd - Path: Assets/Script/MonoClasse.cs - Importer: PreviewImporter
Importing 'GUID: 96f7157dfdf71e941902df0a6cba66dd - Path: Assets/Script/MonoClasse.cs - Importer: PreviewImporter' with importer (PreviewImporter)
Imported 'GUID: 96f7157dfdf71e941902df0a6cba66dd' -> (Import Result ID: '5bb5fc6bea3ef3cec88c5bbad06d605c') in 0.004 seconds [static and dynamic dependencies]. Details - ImportResultOutputID=4064fade45b8accc83044e1c2bbb5350 DependenciesID=620db8aa2dbc4c5fb937e0e628c1c95b StaticDependenciesID=963626cf1dfe21a3edd8897e7ed5824f 
Number of updated asset objects reloaded before import = 0
Number of asset objects unloaded after import = 0
========================================================================
Received Import Request.
  Time of request: 2026-07-23T10:27:05.7356527Z
  Time since last request: 0.2110241 seconds.
  importAddress: GUID: 96f7157dfdf71e941902df0a6cba66dd - Path: Assets/Script/MonoClasse.cs - Importer: ScriptedImporter/UnityEditor.QuickSearchModule:UnityEditor.Search:ASIAI0B
Importing 'GUID: 96f7157dfdf71e941902df0a6cba66dd - Path: Assets/Script/MonoClasse.cs - Importer: ScriptedImporter/UnityEditor.QuickSearchModule:UnityEditor.Search:ASIAI0B' with importer (ScriptedImporter : UnityEditor.QuickSearchModule:UnityEditor.Search:ASIAI0B)
Imported 'GUID: 96f7157dfdf71e941902df0a6cba66dd' -> (Import Result ID: '9602493e114860ca873471b06cba6ece') in 0.160 seconds [static and dynamic dependencies]. Details - ImportResultOutputID=2e142b63b29caddaf7b1155136eeac4f DependenciesID=3b43f415c37ce368b31b72af7ed513d2 StaticDependenciesID=c31bfa872009a9e58969465d897e7643 
Number of updated asset objects reloaded before import = 0
Number of asset objects unloaded after import = 0
========================================================================
Received Prepare
AcceleratorClientConnectionCallback - disconnected - :0
Begin MonoManager ReloadAssembly
Refreshing native plugins compatible for Editor in 4.63 ms, found 4 plugins.
Native extension for WindowsStandalone target not found
Native extension for WebGL target not found
[Package Manager] Failed to launch server process. Reason: Unity was launched with the -noUpm command-line argument
[Package Manager] Unable to send message (not connected to server process).
[Package Manager] Cannot connect to Unity Package Manager local server
[Package Manager] Failed to launch server process. Reason: Unity was launched with the -noUpm command-line argument
[Package Manager] Unable to send message (not connected to server process).
[Package Manager] Cannot connect to Unity Package Manager local server
ScheduleIndexationOnStartup MainProcess:False IndexOnStartup:True
Mono: successfully reloaded assembly
- Finished resetting the current domain, in  1.506 seconds
Domain Reload Profiling: 2998ms
	BeginReloadAssembly (359ms)
		DisableScriptedObjects (13ms)
		CreateAndSetChildDomain (73ms)
	RebuildCommonClasses (17ms)
	RebuildNativeTypeToScriptingClass (25ms)
	initialDomainReloadingComplete (109ms)
	LoadAllAssembliesAndSetupDomain (979ms)
		LoadAssemblies (567ms)
		AnalyzeDomain (360ms)
			TypeCache.Refresh (17ms)
			BuildScriptInfoCaches (320ms)
			ResolveRequiredComponents (20ms)
	FinalizeReload (1508ms)
		SetupLoadedEditorAssemblies (0ms)
			InitializePlatformSupportModulesInManaged (10ms)
			BeforeProcessingInitializeOnLoad (198ms)
			ProcessInitializeOnLoadAttributes (535ms)
			ProcessInitializeOnLoadMethodAttributes (259ms)
			AfterProcessingInitializeOnLoad (12ms)
		AwakeInstancesAfterBackupRestoration (46ms)
Refreshing native plugins compatible for Editor in 4.19 ms, found 4 plugins.
Unloading 22 Unused Serialized files (Serialized files now loaded: 0)
Unloading 6424 unused Assets / (5.0 MB). Loaded Objects now: 7367.
Memory consumption went from 330.9 MB to 325.9 MB.
Total: 14.919900 ms (FindLiveObjects: 1.250300 ms CreateObjectMapping: 4.202400 ms MarkObjects: 6.676100 ms  DeleteObjects: 2.788400 ms)

Prepare: number of updated asset objects reloaded= 0
========================================================================
Received Prepare
AcceleratorClientConnectionCallback - disconnected - :0
Refreshing native plugins compatible for Editor in 7.70 ms, found 4 plugins.
Unloading 22 Unused Serialized files (Serialized files now loaded: 0)
Unloading 22 unused Assets / (2.6 MB). Loaded Objects now: 7367.
Memory consumption went from 328.2 MB to 325.6 MB.
Total: 14.741400 ms (FindLiveObjects: 0.941600 ms CreateObjectMapping: 1.145300 ms MarkObjects: 11.934400 ms  DeleteObjects: 0.717000 ms)

Prepare: number of updated asset objects reloaded= 1
Editor requested this worker to shutdown with reason: Editor is closing down
AssetImportWorkerClient::OnTransportError - code=2 error=End of file
AcceleratorClientConnectionCallback - disconnected - :0
AssetImportWorker is now disconnected from the server
Process exiting
Exiting without the bug reporter. Application will terminate with return code 0